species	specimen	bodylength	sex	bone	side	absolute_centroid_size
BALAENOPTERA_ACUTOROSTRATA	MAL_03-282	730	F	pelvic	left	2299.763523
BALAENOPTERA_ACUTOROSTRATA	MAL_03-282	730	F	pelvic	right	2246.095311
BALAENOPTERA_ACUTOROSTRATA	MAL_03-282	730	F	rib	left	NA
BALAENOPTERA_ACUTOROSTRATA	MAL_03-282	730	F	rib	right	NA
BALAENOPTERA_ACUTOROSTRATA	MH_03-621	700	M	pelvic	left	1898.309229
BALAENOPTERA_ACUTOROSTRATA	MH_03-621	700	M	pelvic	right	1868.040183
BALAENOPTERA_ACUTOROSTRATA	MH_03-621	700	M	rib	left	NA
BALAENOPTERA_ACUTOROSTRATA	MH_03-621	700	M	rib	right	NA
BALAENOPTERA_MUSCULUS	BMNH_1953.12.1.18	2350	F	pelvic	left	3862.824694
BALAENOPTERA_MUSCULUS	BMNH_1953.12.1.18	2350	F	pelvic	right	3771.167531
BALAENOPTERA_MUSCULUS	BMNH_1953.12.1.18	2350	F	rib	left	NA
BALAENOPTERA_MUSCULUS	BMNH_1953.12.1.18	2350	F	rib	right	NA
BALAENOPTERA_MUSCULUS	BMNH_1953.12.1.19	2360	M	pelvic	left	3765.025422
BALAENOPTERA_MUSCULUS	BMNH_1953.12.1.19	2360	M	pelvic	right	NA
BALAENOPTERA_MUSCULUS	BMNH_1953.12.1.19	2360	M	rib	left	NA
BALAENOPTERA_MUSCULUS	BMNH_1953.12.1.19	2360	M	rib	right	NA
BALAENOPTERA_PHYSALUS	UMA_4820	2075	F	pelvic	left	2376.695167
BALAENOPTERA_PHYSALUS	UMA_4820	2075	F	pelvic	right	2405.170376
BALAENOPTERA_PHYSALUS	UMA_4820	2075	F	rib	left	NA
BALAENOPTERA_PHYSALUS	UMA_4820	2075	F	rib	right	NA
DELPHINUS_CAPENSIS	LACM_84071	209.0	M	pelvic	left	860.006746
DELPHINUS_CAPENSIS	LACM_84071	209.0	M	pelvic	right	858.653687
DELPHINUS_CAPENSIS	LACM_84071	209.0	M	rib	left	1221.339359
DELPHINUS_CAPENSIS	LACM_84071	209.0	M	rib	right	1264.744717
DELPHINUS_CAPENSIS	LACM_84127	215.0	M	pelvic	left	736.661091
DELPHINUS_CAPENSIS	LACM_84127	215.0	M	pelvic	right	737.611490
DELPHINUS_CAPENSIS	LACM_84127	215.0	M	rib	left	1222.204409
DELPHINUS_CAPENSIS	LACM_84127	215.0	M	rib	right	1243.293502
DELPHINUS_CAPENSIS	LACM_84163	226.0	M	pelvic	left	796.725863
DELPHINUS_CAPENSIS	LACM_84163	226.0	M	pelvic	right	808.016021
DELPHINUS_CAPENSIS	LACM_84163	226.0	M	rib	left	1473.661266
DELPHINUS_CAPENSIS	LACM_84163	226.0	M	rib	right	1458.876606
DELPHINUS_CAPENSIS	LACM_84185	211.5	M	pelvic	left	907.740080
DELPHINUS_CAPENSIS	LACM_84185	211.5	M	pelvic	right	898.676239
DELPHINUS_CAPENSIS	LACM_84185	211.5	M	rib	left	1276.743226
DELPHINUS_CAPENSIS	LACM_84185	211.5	M	rib	right	1345.989055
DELPHINUS_CAPENSIS	LACM_84220	212.0	M	pelvic	left	851.575914
DELPHINUS_CAPENSIS	LACM_84220	212.0	M	pelvic	right	870.653410
DELPHINUS_CAPENSIS	LACM_84220	212.0	M	rib	left	1360.988647
DELPHINUS_CAPENSIS	LACM_84220	212.0	M	rib	right	1347.515743
DELPHINUS_CAPENSIS	LACM_84221	218.5	M	pelvic	left	853.086027
DELPHINUS_CAPENSIS	LACM_84221	218.5	M	pelvic	right	840.848245
DELPHINUS_CAPENSIS	LACM_84221	218.5	M	rib	left	1418.831701
DELPHINUS_CAPENSIS	LACM_84221	218.5	M	rib	right	1442.367770
DELPHINUS_CAPENSIS	LACM_84233	223.5	M	pelvic	left	963.609989
DELPHINUS_CAPENSIS	LACM_84233	223.5	M	pelvic	right	943.697439
DELPHINUS_CAPENSIS	LACM_84233	223.5	M	rib	left	1280.394064
DELPHINUS_CAPENSIS	LACM_84233	223.5	M	rib	right	1302.558771
DELPHINUS_CAPENSIS	LACM_84236	208.0	F	pelvic	left	677.071125
DELPHINUS_CAPENSIS	LACM_84236	208.0	F	pelvic	right	695.399895
DELPHINUS_CAPENSIS	LACM_84236	208.0	F	rib	left	1210.274926
DELPHINUS_CAPENSIS	LACM_84236	208.0	F	rib	right	1227.146412
DELPHINUS_CAPENSIS	LACM_84239	208.5	M	pelvic	left	670.461314
DELPHINUS_CAPENSIS	LACM_84239	208.5	M	pelvic	right	657.640989
DELPHINUS_CAPENSIS	LACM_84239	208.5	M	rib	left	1356.737054
DELPHINUS_CAPENSIS	LACM_84239	208.5	M	rib	right	1357.912578
DELPHINUS_CAPENSIS	LACM_84240	235.0	M	pelvic	left	884.631516
DELPHINUS_CAPENSIS	LACM_84240	235.0	M	pelvic	right	868.914264
DELPHINUS_CAPENSIS	LACM_84240	235.0	M	rib	left	1420.842915
DELPHINUS_CAPENSIS	LACM_84240	235.0	M	rib	right	1429.142589
DELPHINUS_CAPENSIS	LACM_84241	232.9	M	pelvic	left	892.359520
DELPHINUS_CAPENSIS	LACM_84241	232.9	M	pelvic	right	937.795885
DELPHINUS_CAPENSIS	LACM_84241	232.9	M	rib	left	NA
DELPHINUS_CAPENSIS	LACM_84241	232.9	M	rib	right	NA
DELPHINUS_CAPENSIS	LACM_85995	210.0	M	pelvic	left	896.843329
DELPHINUS_CAPENSIS	LACM_85995	210.0	M	pelvic	right	894.205905
DELPHINUS_CAPENSIS	LACM_85995	210.0	M	rib	left	1463.773745
DELPHINUS_CAPENSIS	LACM_85995	210.0	M	rib	right	1428.994392
DELPHINUS_CAPENSIS	LACM_86004	233.0	M	pelvic	left	853.372409
DELPHINUS_CAPENSIS	LACM_86004	233.0	M	pelvic	right	892.728177
DELPHINUS_CAPENSIS	LACM_86004	233.0	M	rib	left	1454.576004
DELPHINUS_CAPENSIS	LACM_86004	233.0	M	rib	right	1450.503369
DELPHINUS_CAPENSIS	LACM_88979	211.5	M	pelvic	left	902.558240
DELPHINUS_CAPENSIS	LACM_88979	211.5	M	pelvic	right	903.265484
DELPHINUS_CAPENSIS	LACM_88979	211.5	M	rib	left	1293.949170
DELPHINUS_CAPENSIS	LACM_88979	211.5	M	rib	right	1297.774684
DELPHINUS_CAPENSIS	LACM_88999	214.0	M	pelvic	left	730.340160
DELPHINUS_CAPENSIS	LACM_88999	214.0	M	pelvic	right	735.053157
DELPHINUS_CAPENSIS	LACM_88999	214.0	M	rib	left	NA
DELPHINUS_CAPENSIS	LACM_88999	214.0	M	rib	right	NA
DELPHINUS_CAPENSIS	LACM_91307	207.0	F	pelvic	left	915.705610
DELPHINUS_CAPENSIS	LACM_91307	207.0	F	pelvic	right	906.665072
DELPHINUS_CAPENSIS	LACM_91307	207.0	F	rib	left	1269.955369
DELPHINUS_CAPENSIS	LACM_91307	207.0	F	rib	right	1271.389274
DELPHINUS_CAPENSIS	LACM_91779	234.0	M	pelvic	left	854.542815
DELPHINUS_CAPENSIS	LACM_91779	234.0	M	pelvic	right	860.324423
DELPHINUS_CAPENSIS	LACM_91779	234.0	M	rib	left	1306.278918
DELPHINUS_CAPENSIS	LACM_91779	234.0	M	rib	right	1289.687403
DELPHINUS_CAPENSIS	LACM_91915	222.0	M	pelvic	left	895.794080
DELPHINUS_CAPENSIS	LACM_91915	222.0	M	pelvic	right	928.246447
DELPHINUS_CAPENSIS	LACM_91915	222.0	M	rib	left	1345.553807
DELPHINUS_CAPENSIS	LACM_91915	222.0	M	rib	right	1360.397855
DELPHINUS_CAPENSIS	LACM_92071	227.0	M	pelvic	left	939.269856
DELPHINUS_CAPENSIS	LACM_92071	227.0	M	pelvic	right	947.363280
DELPHINUS_CAPENSIS	LACM_92071	227.0	M	rib	left	1454.004559
DELPHINUS_CAPENSIS	LACM_92071	227.0	M	rib	right	1518.511442
DELPHINUS_CAPENSIS	LACM_92077	222.5	M	pelvic	left	987.186902
DELPHINUS_CAPENSIS	LACM_92077	222.5	M	pelvic	right	1021.367212
DELPHINUS_CAPENSIS	LACM_92077	222.5	M	rib	left	1342.305766
DELPHINUS_CAPENSIS	LACM_92077	222.5	M	rib	right	1433.267617
DELPHINUS_CAPENSIS	LACM_95668	218.0	M	pelvic	left	NA
DELPHINUS_CAPENSIS	LACM_95668	218.0	M	pelvic	right	NA
DELPHINUS_CAPENSIS	LACM_95668	218.0	M	rib	left	1271.357859
DELPHINUS_CAPENSIS	LACM_95668	218.0	M	rib	right	1241.755176
DELPHINUS_CAPENSIS	LACM_96366	217.5	M	pelvic	left	860.144783
DELPHINUS_CAPENSIS	LACM_96366	217.5	M	pelvic	right	825.155749
DELPHINUS_CAPENSIS	LACM_96366	217.5	M	rib	left	1382.079956
DELPHINUS_CAPENSIS	LACM_96366	217.5	M	rib	right	1351.766961
DELPHINUS_CAPENSIS	LACM_97203	219.0	M	pelvic	left	NA
DELPHINUS_CAPENSIS	LACM_97203	219.0	M	pelvic	right	653.339501
DELPHINUS_CAPENSIS	LACM_97203	219.0	M	rib	left	NA
DELPHINUS_CAPENSIS	LACM_97203	219.0	M	rib	right	NA
DELPHINUS_CAPENSIS	LACM_97204	224.0	M	pelvic	left	807.200255
DELPHINUS_CAPENSIS	LACM_97204	224.0	M	pelvic	right	838.887014
DELPHINUS_CAPENSIS	LACM_97204	224.0	M	rib	left	NA
DELPHINUS_CAPENSIS	LACM_97204	224.0	M	rib	right	NA
DELPHINUS_CAPENSIS	LACM_97429	232.0	M	pelvic	left	987.279343
DELPHINUS_CAPENSIS	LACM_97429	232.0	M	pelvic	right	956.312889
DELPHINUS_CAPENSIS	LACM_97429	232.0	M	rib	left	1477.345968
DELPHINUS_CAPENSIS	LACM_97429	232.0	M	rib	right	1506.348663
DELPHINUS_CAPENSIS	LACM_97478	212.0	M	pelvic	left	851.758524
DELPHINUS_CAPENSIS	LACM_97478	212.0	M	pelvic	right	855.251796
DELPHINUS_CAPENSIS	LACM_97478	212.0	M	rib	left	1460.539513
DELPHINUS_CAPENSIS	LACM_97478	212.0	M	rib	right	1455.662438
DELPHINUS_DELPHIS	LACM_84254	229.0	M	pelvic	left	938.240837
DELPHINUS_DELPHIS	LACM_84254	229.0	M	pelvic	right	915.446442
DELPHINUS_DELPHIS	LACM_84254	229.0	M	rib	left	1395.512344
DELPHINUS_DELPHIS	LACM_84254	229.0	M	rib	right	1391.679732
DELPHINUS_DELPHIS	USNM_504107	209	M	pelvic	left	989.318549
DELPHINUS_DELPHIS	USNM_504107	209	M	pelvic	right	996.221004
DELPHINUS_DELPHIS	USNM_504107	209	M	rib	left	1379.440606
DELPHINUS_DELPHIS	USNM_504107	209	M	rib	right	706.162654
DELPHINUS_DELPHIS	USNM_572632	223	M	pelvic	left	870.259682
DELPHINUS_DELPHIS	USNM_572632	223	M	pelvic	right	852.720433
DELPHINUS_DELPHIS	USNM_572632	223	M	rib	left	NA
DELPHINUS_DELPHIS	USNM_572632	223	M	rib	right	1357.091615
DELPHINUS_DELPHIS	USNM_572775	203	M	pelvic	left	1097.246099
DELPHINUS_DELPHIS	USNM_572775	203	M	pelvic	right	1097.594735
DELPHINUS_DELPHIS	USNM_572775	203	M	rib	left	1361.293107
DELPHINUS_DELPHIS	USNM_572775	203	M	rib	right	1434.785803
DELPHINUS_DELPHIS	USNM_572776	228	M	pelvic	left	983.187855
DELPHINUS_DELPHIS	USNM_572776	228	M	pelvic	right	991.227299
DELPHINUS_DELPHIS	USNM_572776	228	M	rib	left	1388.673179
DELPHINUS_DELPHIS	USNM_572776	228	M	rib	right	1388.425992
DELPHINUS_DELPHIS	USNM_572777	216	M	pelvic	left	922.362651
DELPHINUS_DELPHIS	USNM_572777	216	M	pelvic	right	924.269387
DELPHINUS_DELPHIS	USNM_572777	216	M	rib	left	1305.421248
DELPHINUS_DELPHIS	USNM_572777	216	M	rib	right	1426.189176
DELPHINUS_DELPHIS	USNM_572859	207	F	pelvic	left	820.752603
DELPHINUS_DELPHIS	USNM_572859	207	F	pelvic	right	839.327053
DELPHINUS_DELPHIS	USNM_572859	207	F	rib	left	1357.610211
DELPHINUS_DELPHIS	USNM_572859	207	F	rib	right	1346.967323
DELPHINUS_DELPHIS	USNM_572871	229	M	pelvic	left	NA
DELPHINUS_DELPHIS	USNM_572871	229	M	pelvic	right	1051.019421
DELPHINUS_DELPHIS	USNM_572871	229	M	rib	left	1311.271224
DELPHINUS_DELPHIS	USNM_572871	229	M	rib	right	1283.720078
DELPHINUS_DELPHIS	USNM_572980	225	M	pelvic	left	1028.104231
DELPHINUS_DELPHIS	USNM_572980	225	M	pelvic	right	1016.155864
DELPHINUS_DELPHIS	USNM_572980	225	M	rib	left	1449.134626
DELPHINUS_DELPHIS	USNM_572980	225	M	rib	right	1387.465984
ESCHRICHTIUS_ROBUSTUS	UWBM_35430	1293	M	pelvic	left	4557.030546
ESCHRICHTIUS_ROBUSTUS	UWBM_35430	1293	M	pelvic	right	NA
ESCHRICHTIUS_ROBUSTUS	UWBM_35430	1293	M	rib	left	NA
ESCHRICHTIUS_ROBUSTUS	UWBM_35430	1293	M	rib	right	NA
EUBALAENA_GLACIALIS	MJM_070110	1370	M	pelvic	left	4305.634872
EUBALAENA_GLACIALIS	MJM_070110	1370	M	pelvic	right	4471.786344
EUBALAENA_GLACIALIS	MJM_070110	1370	M	rib	left	NA
EUBALAENA_GLACIALIS	MJM_070110	1370	M	rib	right	NA
EUBALAENA_GLACIALIS	UMA_4920	1370	F	pelvic	left	3432.684332
EUBALAENA_GLACIALIS	UMA_4920	1370	F	pelvic	right	3395.884065
EUBALAENA_GLACIALIS	UMA_4920	1370	F	rib	left	NA
EUBALAENA_GLACIALIS	UMA_4920	1370	F	rib	right	NA
FERESA_ATTENUATA	LACM_84252	214.0	M	pelvic	left	1082.937764
FERESA_ATTENUATA	LACM_84252	214.0	M	pelvic	right	1090.292866
FERESA_ATTENUATA	LACM_84252	214.0	M	rib	left	1334.585862
FERESA_ATTENUATA	LACM_84252	214.0	M	rib	right	1345.267258
FERESA_ATTENUATA	USNM_550389	212	M	pelvic	left	1049.214857
FERESA_ATTENUATA	USNM_550389	212	M	pelvic	right	1049.813571
FERESA_ATTENUATA	USNM_550389	212	M	rib	left	NA
FERESA_ATTENUATA	USNM_550389	212	M	rib	right	1351.860431
FERESA_ATTENUATA	USNM_571268	230	M	pelvic	left	993.583993
FERESA_ATTENUATA	USNM_571268	230	M	pelvic	right	1001.544071
FERESA_ATTENUATA	USNM_571268	230	M	rib	left	1517.169086
FERESA_ATTENUATA	USNM_571268	230	M	rib	right	1522.418060
GLOBICEPHALA_MELAS	CCSN_04-141	460	F	pelvic	left	1306.352197
GLOBICEPHALA_MELAS	CCSN_04-141	460	F	pelvic	right	1175.804447
GLOBICEPHALA_MELAS	CCSN_04-141	460	F	rib	left	NA
GLOBICEPHALA_MELAS	CCSN_04-141	460	F	rib	right	NA
GRAMPUS_GRISEUS	LACM_72546	360.7	M	pelvic	left	1208.709102
GRAMPUS_GRISEUS	LACM_72546	360.7	M	pelvic	right	1192.661964
GRAMPUS_GRISEUS	LACM_72546	360.7	M	rib	left	2347.169447
GRAMPUS_GRISEUS	LACM_72546	360.7	M	rib	right	2380.048603
GRAMPUS_GRISEUS	USNM_504126	298	M	pelvic	left	1125.178967
GRAMPUS_GRISEUS	USNM_504126	298	M	pelvic	right	1107.467747
GRAMPUS_GRISEUS	USNM_504126	298	M	rib	left	1976.172967
GRAMPUS_GRISEUS	USNM_504126	298	M	rib	right	2007.224693
GRAMPUS_GRISEUS	USNM_550391	286	M	pelvic	left	988.501301
GRAMPUS_GRISEUS	USNM_550391	286	M	pelvic	right	1020.234021
GRAMPUS_GRISEUS	USNM_550391	286	M	rib	left	1926.127529
GRAMPUS_GRISEUS	USNM_550391	286	M	rib	right	1922.722731
INIA_GEOFFRENSIS	LACM_19590	240	M	pelvic	left	988.532133
INIA_GEOFFRENSIS	LACM_19590	240	M	pelvic	right	1013.880159
INIA_GEOFFRENSIS	LACM_19590	240	M	rib	left	1462.380616
INIA_GEOFFRENSIS	LACM_19590	240	M	rib	right	1492.995719
INIA_GEOFFRENSIS	LACM_27074	228.0	M	pelvic	left	940.695275
INIA_GEOFFRENSIS	LACM_27074	228.0	M	pelvic	right	897.976635
INIA_GEOFFRENSIS	LACM_27074	228.0	M	rib	left	1567.935928
INIA_GEOFFRENSIS	LACM_27074	228.0	M	rib	right	1641.440552
LAGENORHYNCHUS_ACUTUS	USNM_504154	234.5	F	pelvic	left	860.006324
LAGENORHYNCHUS_ACUTUS	USNM_504154	234.5	F	pelvic	right	853.878272
LAGENORHYNCHUS_ACUTUS	USNM_504154	234.5	F	rib	left	1580.803276
LAGENORHYNCHUS_ACUTUS	USNM_504154	234.5	F	rib	right	1562.228541
LAGENORHYNCHUS_ACUTUS	USNM_550995	253	M	pelvic	left	959.095099
LAGENORHYNCHUS_ACUTUS	USNM_550995	253	M	pelvic	right	995.135620
LAGENORHYNCHUS_ACUTUS	USNM_550995	253	M	rib	left	1618.685740
LAGENORHYNCHUS_ACUTUS	USNM_550995	253	M	rib	right	1610.333584
LAGENORHYNCHUS_ACUTUS	USNM_571327	253	M	pelvic	left	843.253063
LAGENORHYNCHUS_ACUTUS	USNM_571327	253	M	pelvic	right	907.892256
LAGENORHYNCHUS_ACUTUS	USNM_571327	253	M	rib	left	1578.436566
LAGENORHYNCHUS_ACUTUS	USNM_571327	253	M	rib	right	1588.275772
LAGENORHYNCHUS_ACUTUS	USNM_571390	242	M	pelvic	left	967.953104
LAGENORHYNCHUS_ACUTUS	USNM_571390	242	M	pelvic	right	978.334100
LAGENORHYNCHUS_ACUTUS	USNM_571390	242	M	rib	left	1550.497265
LAGENORHYNCHUS_ACUTUS	USNM_571390	242	M	rib	right	1566.844710
LAGENORHYNCHUS_OBLIQUIDENS	LACM_84284	220.0	M	pelvic	left	902.274571
LAGENORHYNCHUS_OBLIQUIDENS	LACM_84284	220.0	M	pelvic	right	967.940647
LAGENORHYNCHUS_OBLIQUIDENS	LACM_84284	220.0	M	rib	left	1572.010697
LAGENORHYNCHUS_OBLIQUIDENS	LACM_84284	220.0	M	rib	right	1517.075716
LAGENORHYNCHUS_OBLIQUIDENS	LACM_88951	192.0	M	pelvic	left	885.513056
LAGENORHYNCHUS_OBLIQUIDENS	LACM_88951	192.0	M	pelvic	right	856.224171
LAGENORHYNCHUS_OBLIQUIDENS	LACM_88951	192.0	M	rib	left	1528.549311
LAGENORHYNCHUS_OBLIQUIDENS	LACM_88951	192.0	M	rib	right	1465.366378
LAGENORHYNCHUS_OBLIQUIDENS	LACM_88987	207.0	M	pelvic	left	771.831762
LAGENORHYNCHUS_OBLIQUIDENS	LACM_88987	207.0	M	pelvic	right	778.021188
LAGENORHYNCHUS_OBLIQUIDENS	LACM_88987	207.0	M	rib	left	1475.729696
LAGENORHYNCHUS_OBLIQUIDENS	LACM_88987	207.0	M	rib	right	1453.959513
LAGENORHYNCHUS_OBLIQUIDENS	LACM_92062	194.0	M	pelvic	left	733.244817
LAGENORHYNCHUS_OBLIQUIDENS	LACM_92062	194.0	M	pelvic	right	757.209453
LAGENORHYNCHUS_OBLIQUIDENS	LACM_92062	194.0	M	rib	left	1386.825289
LAGENORHYNCHUS_OBLIQUIDENS	LACM_92062	194.0	M	rib	right	1417.368689
LAGENORHYNCHUS_OBLIQUIDENS	LACM_95514	223.0	F	pelvic	left	765.180240
LAGENORHYNCHUS_OBLIQUIDENS	LACM_95514	223.0	F	pelvic	right	717.065685
LAGENORHYNCHUS_OBLIQUIDENS	LACM_95514	223.0	F	rib	left	1588.495275
LAGENORHYNCHUS_OBLIQUIDENS	LACM_95514	223.0	F	rib	right	1685.960162
LISSODELPHIS_BOREALIS	LACM_72455	264.4	M	pelvic	left	999.800679
LISSODELPHIS_BOREALIS	LACM_72455	264.4	M	pelvic	right	1010.622756
LISSODELPHIS_BOREALIS	LACM_72455	264.4	M	rib	left	1343.243822
LISSODELPHIS_BOREALIS	LACM_72455	264.4	M	rib	right	1358.490288
LISSODELPHIS_BOREALIS	LACM_95689	217.8	M	pelvic	left	974.293348
LISSODELPHIS_BOREALIS	LACM_95689	217.8	M	pelvic	right	987.513170
LISSODELPHIS_BOREALIS	LACM_95689	217.8	M	rib	left	1161.586723
LISSODELPHIS_BOREALIS	LACM_95689	217.8	M	rib	right	1245.574138
LISSODELPHIS_BOREALIS	USNM_484929	265.3	M	pelvic	left	1128.509288
LISSODELPHIS_BOREALIS	USNM_484929	265.3	M	pelvic	right	1139.579787
LISSODELPHIS_BOREALIS	USNM_484929	265.3	M	rib	left	1489.910832
LISSODELPHIS_BOREALIS	USNM_484929	265.3	M	rib	right	1536.663969
MESOPLODON_CARLHUBBSI	USNM_504128	532	F	pelvic	left	1007.050509
MESOPLODON_CARLHUBBSI	USNM_504128	532	F	pelvic	right	1043.291484
MESOPLODON_CARLHUBBSI	USNM_504128	532	F	rib	left	3119.371943
MESOPLODON_CARLHUBBSI	USNM_504128	532	F	rib	right	3124.069436
ORCINUS_ORCA	LACM_84249	665.0	M	pelvic	left	NA
ORCINUS_ORCA	LACM_84249	665.0	M	pelvic	right	NA
ORCINUS_ORCA	LACM_84249	665.0	M	rib	left	NA
ORCINUS_ORCA	LACM_84249	665.0	M	rib	right	NA
PEPONOCEPHALA_ELECTRA	LACM_54090	231.0	F	pelvic	left	1008.084006
PEPONOCEPHALA_ELECTRA	LACM_54090	231.0	F	pelvic	right	974.608513
PEPONOCEPHALA_ELECTRA	LACM_54090	231.0	F	rib	left	1611.379876
PEPONOCEPHALA_ELECTRA	LACM_54090	231.0	F	rib	right	1635.850800
PHOCOENA_PHOCOENA	LACM_72591	148.0	M	pelvic	left	1063.096717
PHOCOENA_PHOCOENA	LACM_72591	148.0	M	pelvic	right	1058.269489
PHOCOENA_PHOCOENA	LACM_72591	148.0	M	rib	left	NA
PHOCOENA_PHOCOENA	LACM_72591	148.0	M	rib	right	NA
PHOCOENA_PHOCOENA	LACM_84072	154.0	M	pelvic	left	1018.147149
PHOCOENA_PHOCOENA	LACM_84072	154.0	M	pelvic	right	995.424826
PHOCOENA_PHOCOENA	LACM_84072	154.0	M	rib	left	1491.813663
PHOCOENA_PHOCOENA	LACM_84072	154.0	M	rib	right	1475.346879
PHOCOENA_PHOCOENA	LACM_84073	173.0	F	pelvic	left	829.495485
PHOCOENA_PHOCOENA	LACM_84073	173.0	F	pelvic	right	872.353828
PHOCOENA_PHOCOENA	LACM_84073	173.0	F	rib	left	1403.785552
PHOCOENA_PHOCOENA	LACM_84073	173.0	F	rib	right	1413.982525
PHOCOENA_PHOCOENA	LACM_84076	178.0	F	pelvic	left	945.265901
PHOCOENA_PHOCOENA	LACM_84076	178.0	F	pelvic	right	997.745807
PHOCOENA_PHOCOENA	LACM_84076	178.0	F	rib	left	1409.796677
PHOCOENA_PHOCOENA	LACM_84076	178.0	F	rib	right	1415.641848
PHOCOENA_PHOCOENA	LACM_84086	164.5	F	pelvic	left	880.523110
PHOCOENA_PHOCOENA	LACM_84086	164.5	F	pelvic	right	876.979108
PHOCOENA_PHOCOENA	LACM_84086	164.5	F	rib	left	1319.045546
PHOCOENA_PHOCOENA	LACM_84086	164.5	F	rib	right	1317.450807
PHOCOENA_PHOCOENA	LACM_95748	155.4	M	pelvic	left	NA
PHOCOENA_PHOCOENA	LACM_95748	155.4	M	pelvic	right	NA
PHOCOENA_PHOCOENA	LACM_95748	155.4	M	rib	left	NA
PHOCOENA_PHOCOENA	LACM_95748	155.4	M	rib	right	NA
PHOCOENA_PHOCOENA	USNM_504302	165	F	pelvic	left	834.410194
PHOCOENA_PHOCOENA	USNM_504302	165	F	pelvic	right	917.432243
PHOCOENA_PHOCOENA	USNM_504302	165	F	rib	left	1275.896068
PHOCOENA_PHOCOENA	USNM_504302	165	F	rib	right	1279.050899
PHOCOENA_PHOCOENA	USNM_550312	158	F	pelvic	left	897.438460
PHOCOENA_PHOCOENA	USNM_550312	158	F	pelvic	right	879.919757
PHOCOENA_PHOCOENA	USNM_550312	158	F	rib	left	1334.410285
PHOCOENA_PHOCOENA	USNM_550312	158	F	rib	right	1362.577024
PHOCOENA_PHOCOENA	USNM_571709	160.2	M	pelvic	left	1155.718814
PHOCOENA_PHOCOENA	USNM_571709	160.2	M	pelvic	right	1159.679940
PHOCOENA_PHOCOENA	USNM_571709	160.2	M	rib	left	1409.389062
PHOCOENA_PHOCOENA	USNM_571709	160.2	M	rib	right	1352.579958
PHOCOENA_PHOCOENA	USNM_571723	146.1	M	pelvic	left	1094.437985
PHOCOENA_PHOCOENA	USNM_571723	146.1	M	pelvic	right	1086.858594
PHOCOENA_PHOCOENA	USNM_571723	146.1	M	rib	left	1125.772582
PHOCOENA_PHOCOENA	USNM_571723	146.1	M	rib	right	1152.363494
PHOCOENA_PHOCOENA	USNM_572629	163	F	pelvic	left	718.329283
PHOCOENA_PHOCOENA	USNM_572629	163	F	pelvic	right	775.879018
PHOCOENA_PHOCOENA	USNM_572629	163	F	rib	left	1361.685054
PHOCOENA_PHOCOENA	USNM_572629	163	F	rib	right	1374.825528
PHOCOENA_PHOCOENA	USNM_572785	151.5	M	pelvic	left	1108.134712
PHOCOENA_PHOCOENA	USNM_572785	151.5	M	pelvic	right	1110.926227
PHOCOENA_PHOCOENA	USNM_572785	151.5	M	rib	left	1299.116120
PHOCOENA_PHOCOENA	USNM_572785	151.5	M	rib	right	1328.934663
PHOCOENOIDES_DALLI	LACM_54109	194.0	M	pelvic	left	NA
PHOCOENOIDES_DALLI	LACM_54109	194.0	M	pelvic	right	NA
PHOCOENOIDES_DALLI	LACM_54109	194.0	M	rib	left	NA
PHOCOENOIDES_DALLI	LACM_54109	194.0	M	rib	right	NA
PHOCOENOIDES_DALLI	LACM_54420	203.0	M	pelvic	left	793.836511
PHOCOENOIDES_DALLI	LACM_54420	203.0	M	pelvic	right	846.745543
PHOCOENOIDES_DALLI	LACM_54420	203.0	M	rib	left	1679.638349
PHOCOENOIDES_DALLI	LACM_54420	203.0	M	rib	right	1600.186786
PHOCOENOIDES_DALLI	LACM_54569	200.0	F	pelvic	left	690.322902
PHOCOENOIDES_DALLI	LACM_54569	200.0	F	pelvic	right	695.731934
PHOCOENOIDES_DALLI	LACM_54569	200.0	F	rib	left	1748.332096
PHOCOENOIDES_DALLI	LACM_54569	200.0	F	rib	right	1747.249870
PHOCOENOIDES_DALLI	LACM_84048	213.0	M	pelvic	left	589.983084
PHOCOENOIDES_DALLI	LACM_84048	213.0	M	pelvic	right	575.098760
PHOCOENOIDES_DALLI	LACM_84048	213.0	M	rib	left	1568.322714
PHOCOENOIDES_DALLI	LACM_84048	213.0	M	rib	right	1510.067436
PHOCOENOIDES_DALLI	LACM_84251	225.0	M	pelvic	left	686.945127
PHOCOENOIDES_DALLI	LACM_84251	225.0	M	pelvic	right	733.840674
PHOCOENOIDES_DALLI	LACM_84251	225.0	M	rib	left	1749.313285
PHOCOENOIDES_DALLI	LACM_84251	225.0	M	rib	right	1753.172849
PHOCOENOIDES_DALLI	LACM_96383	213.5	M	pelvic	left	770.058892
PHOCOENOIDES_DALLI	LACM_96383	213.5	M	pelvic	right	777.175548
PHOCOENOIDES_DALLI	LACM_96383	213.5	M	rib	left	1556.035178
PHOCOENOIDES_DALLI	LACM_96383	213.5	M	rib	right	1514.162745
PHOCOENOIDES_DALLI	LACM_96487	210.0	M	pelvic	left	557.862414
PHOCOENOIDES_DALLI	LACM_96487	210.0	M	pelvic	right	NA
PHOCOENOIDES_DALLI	LACM_96487	210.0	M	rib	left	NA
PHOCOENOIDES_DALLI	LACM_96487	210.0	M	rib	right	NA
PHOCOENOIDES_DALLI	LACM_97207	210.0	M	pelvic	left	691.495995
PHOCOENOIDES_DALLI	LACM_97207	210.0	M	pelvic	right	677.850667
PHOCOENOIDES_DALLI	LACM_97207	210.0	M	rib	left	NA
PHOCOENOIDES_DALLI	LACM_97207	210.0	M	rib	right	NA
PHOCOENOIDES_DALLI	USNM_396304	202	M	pelvic	left	795.344992
PHOCOENOIDES_DALLI	USNM_396304	202	M	pelvic	right	794.926349
PHOCOENOIDES_DALLI	USNM_396304	202	M	rib	left	1567.308165
PHOCOENOIDES_DALLI	USNM_396304	202	M	rib	right	1566.437594
PONTOPORIA_BLAINVILLEI	LACM_47143	128.5	M	pelvic	left	301.962474
PONTOPORIA_BLAINVILLEI	LACM_47143	128.5	M	pelvic	right	297.525415
PONTOPORIA_BLAINVILLEI	LACM_47143	128.5	M	rib	left	774.458488
PONTOPORIA_BLAINVILLEI	LACM_47143	128.5	M	rib	right	803.628514
PONTOPORIA_BLAINVILLEI	LACM_54012	138.0	F	pelvic	left	396.551811
PONTOPORIA_BLAINVILLEI	LACM_54012	138.0	F	pelvic	right	364.743965
PONTOPORIA_BLAINVILLEI	LACM_54012	138.0	F	rib	left	848.700079
PONTOPORIA_BLAINVILLEI	LACM_54012	138.0	F	rib	right	860.999796
PONTOPORIA_BLAINVILLEI	USNM_501157	136	F	pelvic	left	343.499593
PONTOPORIA_BLAINVILLEI	USNM_501157	136	F	pelvic	right	325.323100
PONTOPORIA_BLAINVILLEI	USNM_501157	136	F	rib	left	833.176131
PONTOPORIA_BLAINVILLEI	USNM_501157	136	F	rib	right	842.341187
PONTOPORIA_BLAINVILLEI	USNM_501172	137	M	pelvic	left	NA
PONTOPORIA_BLAINVILLEI	USNM_501172	137	M	pelvic	right	NA
PONTOPORIA_BLAINVILLEI	USNM_501172	137	M	rib	left	720.077614
PONTOPORIA_BLAINVILLEI	USNM_501172	137	M	rib	right	764.598071
PONTOPORIA_BLAINVILLEI	USNM_501176	142	F	pelvic	left	340.041820
PONTOPORIA_BLAINVILLEI	USNM_501176	142	F	pelvic	right	343.224293
PONTOPORIA_BLAINVILLEI	USNM_501176	142	F	rib	left	798.796617
PONTOPORIA_BLAINVILLEI	USNM_501176	142	F	rib	right	846.634536
PONTOPORIA_BLAINVILLEI	USNM_501179	142	M	pelvic	left	407.159284
PONTOPORIA_BLAINVILLEI	USNM_501179	142	M	pelvic	right	428.388967
PONTOPORIA_BLAINVILLEI	USNM_501179	142	M	rib	left	797.481464
PONTOPORIA_BLAINVILLEI	USNM_501179	142	M	rib	right	834.879340
PONTOPORIA_BLAINVILLEI	USNM_501183	145	F	pelvic	left	285.249840
PONTOPORIA_BLAINVILLEI	USNM_501183	145	F	pelvic	right	295.773846
PONTOPORIA_BLAINVILLEI	USNM_501183	145	F	rib	left	828.428958
PONTOPORIA_BLAINVILLEI	USNM_501183	145	F	rib	right	882.988011
PONTOPORIA_BLAINVILLEI	USNM_501186	143	F	pelvic	left	355.882986
PONTOPORIA_BLAINVILLEI	USNM_501186	143	F	pelvic	right	288.316762
PONTOPORIA_BLAINVILLEI	USNM_501186	143	F	rib	left	793.340337
PONTOPORIA_BLAINVILLEI	USNM_501186	143	F	rib	right	794.044298
PONTOPORIA_BLAINVILLEI	USNM_504920	155	F	pelvic	left	490.425478
PONTOPORIA_BLAINVILLEI	USNM_504920	155	F	pelvic	right	443.376919
PONTOPORIA_BLAINVILLEI	USNM_504920	155	F	rib	left	880.848491
PONTOPORIA_BLAINVILLEI	USNM_504920	155	F	rib	right	911.024091
PSEUDORCA_CRASSIDENS	LACM_84047	480.0	M	pelvic	left	1379.074704
PSEUDORCA_CRASSIDENS	LACM_84047	480.0	M	pelvic	right	1362.427698
PSEUDORCA_CRASSIDENS	LACM_84047	480.0	M	rib	left	2352.031622
PSEUDORCA_CRASSIDENS	LACM_84047	480.0	M	rib	right	2415.837400
STENELLA_ATTENUATA	LACM_54043	195.0	M	pelvic	left	651.180353
STENELLA_ATTENUATA	LACM_54043	195.0	M	pelvic	right	628.364220
STENELLA_ATTENUATA	LACM_54043	195.0	M	rib	left	1144.135007
STENELLA_ATTENUATA	LACM_54043	195.0	M	rib	right	1155.214133
STENELLA_ATTENUATA	LACM_95489	191.9	F	pelvic	left	572.831757
STENELLA_ATTENUATA	LACM_95489	191.9	F	pelvic	right	545.585585
STENELLA_ATTENUATA	LACM_95489	191.9	F	rib	left	1157.538619
STENELLA_ATTENUATA	LACM_95489	191.9	F	rib	right	1170.112635
STENELLA_ATTENUATA	USNM_395277	175	F	pelvic	left	646.134150
STENELLA_ATTENUATA	USNM_395277	175	F	pelvic	right	643.176688
STENELLA_ATTENUATA	USNM_395277	175	F	rib	left	NA
STENELLA_ATTENUATA	USNM_395277	175	F	rib	right	NA
STENELLA_ATTENUATA	USNM_395390	218	M	pelvic	left	722.078579
STENELLA_ATTENUATA	USNM_395390	218	M	pelvic	right	707.258193
STENELLA_ATTENUATA	USNM_395390	218	M	rib	left	1112.301475
STENELLA_ATTENUATA	USNM_395390	218	M	rib	right	1128.151442
STENELLA_ATTENUATA	USNM_395465	200	M	pelvic	left	759.002704
STENELLA_ATTENUATA	USNM_395465	200	M	pelvic	right	712.426052
STENELLA_ATTENUATA	USNM_395465	200	M	rib	left	1116.311568
STENELLA_ATTENUATA	USNM_395465	200	M	rib	right	NA
STENELLA_COERULEOALBA	LACM_85952	217.0	F	pelvic	left	NA
STENELLA_COERULEOALBA	LACM_85952	217.0	F	pelvic	right	NA
STENELLA_COERULEOALBA	LACM_85952	217.0	F	rib	left	NA
STENELLA_COERULEOALBA	LACM_85952	217.0	F	rib	right	NA
STENELLA_COERULEOALBA	USNM_504350	231	M	pelvic	left	737.423238
STENELLA_COERULEOALBA	USNM_504350	231	M	pelvic	right	740.637975
STENELLA_COERULEOALBA	USNM_504350	231	M	rib	left	1473.129508
STENELLA_COERULEOALBA	USNM_504350	231	M	rib	right	1459.384856
STENELLA_COERULEOALBA	USNM_504773	221.7	M	pelvic	left	669.897051
STENELLA_COERULEOALBA	USNM_504773	221.7	M	pelvic	right	662.826988
STENELLA_COERULEOALBA	USNM_504773	221.7	M	rib	left	1564.563519
STENELLA_COERULEOALBA	USNM_504773	221.7	M	rib	right	1532.230749
STENELLA_FRONTALIS	USNM_504758	201	M	pelvic	left	742.537900
STENELLA_FRONTALIS	USNM_504758	201	M	pelvic	right	736.409274
STENELLA_FRONTALIS	USNM_504758	201	M	rib	left	1434.595940
STENELLA_FRONTALIS	USNM_504758	201	M	rib	right	1462.391322
STENELLA_LONGIROSTRIS	LACM_72437	175.4	M	pelvic	left	541.179892
STENELLA_LONGIROSTRIS	LACM_72437	175.4	M	pelvic	right	579.843017
STENELLA_LONGIROSTRIS	LACM_72437	175.4	M	rib	left	1009.149764
STENELLA_LONGIROSTRIS	LACM_72437	175.4	M	rib	right	975.857484
STENELLA_LONGIROSTRIS	LACM_72438	177.5	M	pelvic	left	651.723218
STENELLA_LONGIROSTRIS	LACM_72438	177.5	M	pelvic	right	663.985755
STENELLA_LONGIROSTRIS	LACM_72438	177.5	M	rib	left	1179.813695
STENELLA_LONGIROSTRIS	LACM_72438	177.5	M	rib	right	1198.304079
STENELLA_LONGIROSTRIS	USNM_395599	173	M	pelvic	left	692.409544
STENELLA_LONGIROSTRIS	USNM_395599	173	M	pelvic	right	702.713310
STENELLA_LONGIROSTRIS	USNM_395599	173	M	rib	left	1161.848981
STENELLA_LONGIROSTRIS	USNM_395599	173	M	rib	right	1157.853571
STENO_BREDANENSIS	USNM_504467	235	M	pelvic	left	737.004342
STENO_BREDANENSIS	USNM_504467	235	M	pelvic	right	761.003589
STENO_BREDANENSIS	USNM_504467	235	M	rib	left	NA
STENO_BREDANENSIS	USNM_504467	235	M	rib	right	1672.700921
STENO_BREDANENSIS	USNM_504468	227	M	pelvic	left	745.791373
STENO_BREDANENSIS	USNM_504468	227	M	pelvic	right	741.614492
STENO_BREDANENSIS	USNM_504468	227	M	rib	left	NA
STENO_BREDANENSIS	USNM_504468	227	M	rib	right	1628.711321
STENO_BREDANENSIS	USNM_504494	233	M	pelvic	left	748.551248
STENO_BREDANENSIS	USNM_504494	233	M	pelvic	right	818.338488
STENO_BREDANENSIS	USNM_504494	233	M	rib	left	NA
STENO_BREDANENSIS	USNM_504494	233	M	rib	right	1393.497287
STENO_BREDANENSIS	USNM_550837	228.1	M	pelvic	left	787.376242
STENO_BREDANENSIS	USNM_550837	228.1	M	pelvic	right	780.224496
STENO_BREDANENSIS	USNM_550837	228.1	M	rib	left	1538.614880
STENO_BREDANENSIS	USNM_550837	228.1	M	rib	right	1488.673029
TURSIOPS_ADUNCUS	USNM_258642	287	M	pelvic	left	905.237922
TURSIOPS_ADUNCUS	USNM_258642	287	M	pelvic	right	914.688606
TURSIOPS_ADUNCUS	USNM_258642	287	M	rib	left	1900.446253
TURSIOPS_ADUNCUS	USNM_258642	287	M	rib	right	1927.836033
TURSIOPS_TRUNCATUS	LACM_84194	304.0	M	pelvic	left	1108.323043
TURSIOPS_TRUNCATUS	LACM_84194	304.0	M	pelvic	right	1156.823067
TURSIOPS_TRUNCATUS	LACM_84194	304.0	M	rib	left	1827.242437
TURSIOPS_TRUNCATUS	LACM_84194	304.0	M	rib	right	1876.078928
TURSIOPS_TRUNCATUS	LACM_84267	305.0	M	pelvic	left	865.620218
TURSIOPS_TRUNCATUS	LACM_84267	305.0	M	pelvic	right	868.112486
TURSIOPS_TRUNCATUS	LACM_84267	305.0	M	rib	left	1941.638419
TURSIOPS_TRUNCATUS	LACM_84267	305.0	M	rib	right	1838.321670
TURSIOPS_TRUNCATUS	LACM_84271	285.0	F	pelvic	left	663.074469
TURSIOPS_TRUNCATUS	LACM_84271	285.0	F	pelvic	right	616.917774
TURSIOPS_TRUNCATUS	LACM_84271	285.0	F	rib	left	1720.539349
TURSIOPS_TRUNCATUS	LACM_84271	285.0	F	rib	right	1704.143510
TURSIOPS_TRUNCATUS	LACM_92072	288.0	M	pelvic	left	746.291355
TURSIOPS_TRUNCATUS	LACM_92072	288.0	M	pelvic	right	717.531968
TURSIOPS_TRUNCATUS	LACM_92072	288.0	M	rib	left	1768.050139
TURSIOPS_TRUNCATUS	LACM_92072	288.0	M	rib	right	1785.180708
TURSIOPS_TRUNCATUS	LACM_95828	293.0	M	pelvic	left	959.041769
TURSIOPS_TRUNCATUS	LACM_95828	293.0	M	pelvic	right	939.216865
TURSIOPS_TRUNCATUS	LACM_95828	293.0	M	rib	left	NA
TURSIOPS_TRUNCATUS	LACM_95828	293.0	M	rib	right	NA
TURSIOPS_TRUNCATUS	LACM_97405	277.0	F	pelvic	left	842.112973
TURSIOPS_TRUNCATUS	LACM_97405	277.0	F	pelvic	right	955.075934
TURSIOPS_TRUNCATUS	LACM_97405	277.0	F	rib	left	1705.387879
TURSIOPS_TRUNCATUS	LACM_97405	277.0	F	rib	right	1708.971881
TURSIOPS_TRUNCATUS	LACM_97489	298.0	F	pelvic	left	1083.780910
TURSIOPS_TRUNCATUS	LACM_97489	298.0	F	pelvic	right	1045.824264
TURSIOPS_TRUNCATUS	LACM_97489	298.0	F	rib	left	1817.705348
TURSIOPS_TRUNCATUS	LACM_97489	298.0	F	rib	right	1914.457574
TURSIOPS_TRUNCATUS	USNM_396165	303	M	pelvic	left	796.724733
TURSIOPS_TRUNCATUS	USNM_396165	303	M	pelvic	right	876.023480
TURSIOPS_TRUNCATUS	USNM_396165	303	M	rib	left	1911.489468
TURSIOPS_TRUNCATUS	USNM_396165	303	M	rib	right	NA
TURSIOPS_TRUNCATUS	USNM_504726	298	M	pelvic	left	1068.142459
TURSIOPS_TRUNCATUS	USNM_504726	298	M	pelvic	right	1094.036786
TURSIOPS_TRUNCATUS	USNM_504726	298	M	rib	left	2014.305066
TURSIOPS_TRUNCATUS	USNM_504726	298	M	rib	right	1940.883947
TURSIOPS_TRUNCATUS	USNM_504879	284	M	pelvic	left	1000.541940
TURSIOPS_TRUNCATUS	USNM_504879	284	M	pelvic	right	1000.544723
TURSIOPS_TRUNCATUS	USNM_504879	284	M	rib	left	NA
TURSIOPS_TRUNCATUS	USNM_504879	284	M	rib	right	1874.631221
TURSIOPS_TRUNCATUS	USNM_550401	267.5	M	pelvic	left	1073.677409
TURSIOPS_TRUNCATUS	USNM_550401	267.5	M	pelvic	right	1046.925763
TURSIOPS_TRUNCATUS	USNM_550401	267.5	M	rib	left	1701.153301
TURSIOPS_TRUNCATUS	USNM_550401	267.5	M	rib	right	1697.483560
TURSIOPS_TRUNCATUS	USNM_550422	279	M	pelvic	left	1155.224049
TURSIOPS_TRUNCATUS	USNM_550422	279	M	pelvic	right	1150.808816
TURSIOPS_TRUNCATUS	USNM_550422	279	M	rib	left	1812.228552
TURSIOPS_TRUNCATUS	USNM_550422	279	M	rib	right	1782.651549
TURSIOPS_TRUNCATUS	USNM_550919	283	F	pelvic	left	953.642220
TURSIOPS_TRUNCATUS	USNM_550919	283	F	pelvic	right	966.216645
TURSIOPS_TRUNCATUS	USNM_550919	283	F	rib	left	1833.046283
TURSIOPS_TRUNCATUS	USNM_550919	283	F	rib	right	1810.813539
TURSIOPS_TRUNCATUS	USNM_571051	277	M	pelvic	left	999.027054
TURSIOPS_TRUNCATUS	USNM_571051	277	M	pelvic	right	1024.681811
TURSIOPS_TRUNCATUS	USNM_571051	277	M	rib	left	1766.027163
TURSIOPS_TRUNCATUS	USNM_571051	277	M	rib	right	1763.078020
TURSIOPS_TRUNCATUS	USNM_571086	273	M	pelvic	left	1078.912100
TURSIOPS_TRUNCATUS	USNM_571086	273	M	pelvic	right	1030.919368
TURSIOPS_TRUNCATUS	USNM_571086	273	M	rib	left	1644.872264
TURSIOPS_TRUNCATUS	USNM_571086	273	M	rib	right	1723.944000
TURSIOPS_TRUNCATUS	USNM_571388	285	F	pelvic	left	790.636777
TURSIOPS_TRUNCATUS	USNM_571388	285	F	pelvic	right	830.528037
TURSIOPS_TRUNCATUS	USNM_571388	285	F	rib	left	1491.572528
TURSIOPS_TRUNCATUS	USNM_571388	285	F	rib	right	1509.524878
TURSIOPS_TRUNCATUS	USNM_571521	271	M	pelvic	left	659.521423
TURSIOPS_TRUNCATUS	USNM_571521	271	M	pelvic	right	669.748537
TURSIOPS_TRUNCATUS	USNM_571521	271	M	rib	left	1399.010488
TURSIOPS_TRUNCATUS	USNM_571521	271	M	rib	right	1396.453146
TURSIOPS_TRUNCATUS	USNM_572949	265	M	pelvic	left	1166.049909
TURSIOPS_TRUNCATUS	USNM_572949	265	M	pelvic	right	1105.380284
TURSIOPS_TRUNCATUS	USNM_572949	265	M	rib	left	1697.107448
TURSIOPS_TRUNCATUS	USNM_572949	265	M	rib	right	1644.693058
TURSIOPS_TRUNCATUS	USNM_593406	279	M	pelvic	left	1167.767137
TURSIOPS_TRUNCATUS	USNM_593406	279	M	pelvic	right	1172.563740
TURSIOPS_TRUNCATUS	USNM_593406	279	M	rib	left	1736.795502
TURSIOPS_TRUNCATUS	USNM_593406	279	M	rib	right	1770.749131
ZIPHIUS_CAVIROSTRIS	USNM_A20971	589	F	pelvic	left	854.007640
ZIPHIUS_CAVIROSTRIS	USNM_A20971	589	F	pelvic	right	828.352587
ZIPHIUS_CAVIROSTRIS	USNM_A20971	589	F	rib	left	3676.233769
ZIPHIUS_CAVIROSTRIS	USNM_A20971	589	F	rib	right	3580.314757
ZIPHIUS_CAVIROSTRIS	USNM_A49599	564	M	pelvic	left	978.653003
ZIPHIUS_CAVIROSTRIS	USNM_A49599	564	M	pelvic	right	1067.275763
ZIPHIUS_CAVIROSTRIS	USNM_A49599	564	M	rib	left	4095.195787
ZIPHIUS_CAVIROSTRIS	USNM_A49599	564	M	rib	right	3972.687382
