species	specimen	bodylength	sex	bone	side	absolute_centroid_size
BALAENOPTERA_MUSCULUS	BMNH_1953.12.1.18	2350	F	p	l	3862.824694
BALAENOPTERA_MUSCULUS	BMNH_1953.12.1.18	2350	F	p	r	3771.167531
BALAENOPTERA_MUSCULUS	BMNH_1953.12.1.18	2350	F	r	l	NA
BALAENOPTERA_MUSCULUS	BMNH_1953.12.1.18	2350	F	r	r	NA
BALAENOPTERA_MUSCULUS	BMNH_1953.12.1.19	2360	M	p	l	3765.025422
BALAENOPTERA_MUSCULUS	BMNH_1953.12.1.19	2360	M	p	r	NA
BALAENOPTERA_MUSCULUS	BMNH_1953.12.1.19	2360	M	r	l	NA
BALAENOPTERA_MUSCULUS	BMNH_1953.12.1.19	2360	M	r	r	NA
GLOBICEPHALA_MELAS	CCSN_04-141	460	F	p	l	1306.352197
GLOBICEPHALA_MELAS	CCSN_04-141	460	F	p	r	1175.804447
GLOBICEPHALA_MELAS	CCSN_04-141	460	F	r	l	NA
GLOBICEPHALA_MELAS	CCSN_04-141	460	F	r	r	NA
INIA_GEOFFRENSIS	LACM_19590	240	M	p	l	988.532133
INIA_GEOFFRENSIS	LACM_19590	240	M	p	r	1013.880159
INIA_GEOFFRENSIS	LACM_19590	240	M	r	l	1462.380616
INIA_GEOFFRENSIS	LACM_19590	240	M	r	r	1492.995719
INIA_GEOFFRENSIS	LACM_27074	228.0	M	p	l	940.695275
INIA_GEOFFRENSIS	LACM_27074	228.0	M	p	r	897.976635
INIA_GEOFFRENSIS	LACM_27074	228.0	M	r	l	1567.935928
INIA_GEOFFRENSIS	LACM_27074	228.0	M	r	r	1641.440552
BALAENOPTERA_PHYSALUS	LACM_31144	2135	U	p	l	3648.448150
BALAENOPTERA_PHYSALUS	LACM_31144	2135	U	p	r	3649.264371
BALAENOPTERA_PHYSALUS	LACM_31144	2135	U	r	l	NA
BALAENOPTERA_PHYSALUS	LACM_31144	2135	U	r	r	NA
PONTOPORIA_BLAINVILLEI	LACM_47143	128.5	M	p	l	301.962474
PONTOPORIA_BLAINVILLEI	LACM_47143	128.5	M	p	r	297.525415
PONTOPORIA_BLAINVILLEI	LACM_47143	128.5	M	r	l	774.458488
PONTOPORIA_BLAINVILLEI	LACM_47143	128.5	M	r	r	803.628514
PONTOPORIA_BLAINVILLEI	LACM_54012	138.0	F	p	l	396.551811
PONTOPORIA_BLAINVILLEI	LACM_54012	138.0	F	p	r	364.743965
PONTOPORIA_BLAINVILLEI	LACM_54012	138.0	F	r	l	848.700079
PONTOPORIA_BLAINVILLEI	LACM_54012	138.0	F	r	r	860.999796
STENELLA_ATTENUATA	LACM_54043	195.0	M	p	l	651.180353
STENELLA_ATTENUATA	LACM_54043	195.0	M	p	r	628.364220
STENELLA_ATTENUATA	LACM_54043	195.0	M	r	l	1144.135007
STENELLA_ATTENUATA	LACM_54043	195.0	M	r	r	1155.214133
PEPONOCEPHALA_ELECTRA	LACM_54090	231.0	F	p	l	1008.084006
PEPONOCEPHALA_ELECTRA	LACM_54090	231.0	F	p	r	974.608513
PEPONOCEPHALA_ELECTRA	LACM_54090	231.0	F	r	l	1611.379876
PEPONOCEPHALA_ELECTRA	LACM_54090	231.0	F	r	r	1635.850800
PHOCOENOIDES_DALLI	LACM_54420	203.0	M	p	l	793.836511
PHOCOENOIDES_DALLI	LACM_54420	203.0	M	p	r	846.745543
PHOCOENOIDES_DALLI	LACM_54420	203.0	M	r	l	1679.638349
PHOCOENOIDES_DALLI	LACM_54420	203.0	M	r	r	1600.186786
PHOCOENOIDES_DALLI	LACM_54569	200.0	F	p	l	690.322902
PHOCOENOIDES_DALLI	LACM_54569	200.0	F	p	r	695.731934
PHOCOENOIDES_DALLI	LACM_54569	200.0	F	r	l	1748.332096
PHOCOENOIDES_DALLI	LACM_54569	200.0	F	r	r	1747.249870
STENELLA_LONGIROSTRIS	LACM_72437	175.4	M	p	l	541.179892
STENELLA_LONGIROSTRIS	LACM_72437	175.4	M	p	r	579.843017
STENELLA_LONGIROSTRIS	LACM_72437	175.4	M	r	l	1009.149764
STENELLA_LONGIROSTRIS	LACM_72437	175.4	M	r	r	975.857484
STENELLA_LONGIROSTRIS	LACM_72438	177.5	M	p	l	651.723218
STENELLA_LONGIROSTRIS	LACM_72438	177.5	M	p	r	663.985755
STENELLA_LONGIROSTRIS	LACM_72438	177.5	M	r	l	1179.813695
STENELLA_LONGIROSTRIS	LACM_72438	177.5	M	r	r	1198.304079
LISSODELPHIS_BOREALIS	LACM_72455	264.4	M	p	l	999.800679
LISSODELPHIS_BOREALIS	LACM_72455	264.4	M	p	r	1010.622756
LISSODELPHIS_BOREALIS	LACM_72455	264.4	M	r	l	1343.243822
LISSODELPHIS_BOREALIS	LACM_72455	264.4	M	r	r	1358.490288
GRAMPUS_GRISEUS	LACM_72546	360.7	M	p	l	1208.709102
GRAMPUS_GRISEUS	LACM_72546	360.7	M	p	r	1192.661964
GRAMPUS_GRISEUS	LACM_72546	360.7	M	r	l	2347.169447
GRAMPUS_GRISEUS	LACM_72546	360.7	M	r	r	2380.048603
PHOCOENA_PHOCOENA	LACM_72591	148.0	M	p	l	1063.096717
PHOCOENA_PHOCOENA	LACM_72591	148.0	M	p	r	1058.269489
PHOCOENA_PHOCOENA	LACM_72591	148.0	M	r	l	NA
PHOCOENA_PHOCOENA	LACM_72591	148.0	M	r	r	NA
PSEUDORCA_CRASSIDENS	LACM_84047	480.0	M	p	l	1379.074704
PSEUDORCA_CRASSIDENS	LACM_84047	480.0	M	p	r	1362.427698
PSEUDORCA_CRASSIDENS	LACM_84047	480.0	M	r	l	2352.031622
PSEUDORCA_CRASSIDENS	LACM_84047	480.0	M	r	r	2415.837400
PHOCOENOIDES_DALLI	LACM_84048	213.0	M	p	l	589.983084
PHOCOENOIDES_DALLI	LACM_84048	213.0	M	p	r	575.098760
PHOCOENOIDES_DALLI	LACM_84048	213.0	M	r	l	1568.322714
PHOCOENOIDES_DALLI	LACM_84048	213.0	M	r	r	1510.067436
DELPHINUS_CAPENSIS	LACM_84071	209.0	M	p	l	860.006746
DELPHINUS_CAPENSIS	LACM_84071	209.0	M	p	r	858.653687
DELPHINUS_CAPENSIS	LACM_84071	209.0	M	r	l	1221.339359
DELPHINUS_CAPENSIS	LACM_84071	209.0	M	r	r	1264.744717
PHOCOENA_PHOCOENA	LACM_84072	154.0	M	p	l	1018.147149
PHOCOENA_PHOCOENA	LACM_84072	154.0	M	p	r	995.424826
PHOCOENA_PHOCOENA	LACM_84072	154.0	M	r	l	1491.813663
PHOCOENA_PHOCOENA	LACM_84072	154.0	M	r	r	1475.346879
PHOCOENA_PHOCOENA	LACM_84073	173.0	F	p	l	829.495485
PHOCOENA_PHOCOENA	LACM_84073	173.0	F	p	r	872.353828
PHOCOENA_PHOCOENA	LACM_84073	173.0	F	r	l	1403.785552
PHOCOENA_PHOCOENA	LACM_84073	173.0	F	r	r	1413.982525
PHOCOENA_PHOCOENA	LACM_84076	178.0	F	p	l	945.265901
PHOCOENA_PHOCOENA	LACM_84076	178.0	F	p	r	997.745807
PHOCOENA_PHOCOENA	LACM_84076	178.0	F	r	l	1409.796677
PHOCOENA_PHOCOENA	LACM_84076	178.0	F	r	r	1415.641848
PHOCOENA_PHOCOENA	LACM_84086	164.5	F	p	l	880.523110
PHOCOENA_PHOCOENA	LACM_84086	164.5	F	p	r	876.979108
PHOCOENA_PHOCOENA	LACM_84086	164.5	F	r	l	1319.045546
PHOCOENA_PHOCOENA	LACM_84086	164.5	F	r	r	1317.450807
DELPHINUS_CAPENSIS	LACM_84127	215.0	M	p	l	736.661091
DELPHINUS_CAPENSIS	LACM_84127	215.0	M	p	r	737.611490
DELPHINUS_CAPENSIS	LACM_84127	215.0	M	r	l	1222.204409
DELPHINUS_CAPENSIS	LACM_84127	215.0	M	r	r	1243.293502
DELPHINUS_CAPENSIS	LACM_84163	226.0	M	p	l	796.725863
DELPHINUS_CAPENSIS	LACM_84163	226.0	M	p	r	808.016021
DELPHINUS_CAPENSIS	LACM_84163	226.0	M	r	l	1473.661266
DELPHINUS_CAPENSIS	LACM_84163	226.0	M	r	r	1458.876606
DELPHINUS_CAPENSIS	LACM_84185	211.5	M	p	l	907.740080
DELPHINUS_CAPENSIS	LACM_84185	211.5	M	p	r	898.676239
DELPHINUS_CAPENSIS	LACM_84185	211.5	M	r	l	1276.743226
DELPHINUS_CAPENSIS	LACM_84185	211.5	M	r	r	1345.989055
TURSIOPS_TRUNCATUS	LACM_84194	304.0	M	p	l	1108.323043
TURSIOPS_TRUNCATUS	LACM_84194	304.0	M	p	r	1156.823067
TURSIOPS_TRUNCATUS	LACM_84194	304.0	M	r	l	1827.242437
TURSIOPS_TRUNCATUS	LACM_84194	304.0	M	r	r	1876.078928
DELPHINUS_CAPENSIS	LACM_84220	212.0	M	p	l	851.575914
DELPHINUS_CAPENSIS	LACM_84220	212.0	M	p	r	870.653410
DELPHINUS_CAPENSIS	LACM_84220	212.0	M	r	l	1360.988647
DELPHINUS_CAPENSIS	LACM_84220	212.0	M	r	r	1347.515743
DELPHINUS_CAPENSIS	LACM_84221	218.5	M	p	l	853.086027
DELPHINUS_CAPENSIS	LACM_84221	218.5	M	p	r	840.848245
DELPHINUS_CAPENSIS	LACM_84221	218.5	M	r	l	1418.831701
DELPHINUS_CAPENSIS	LACM_84221	218.5	M	r	r	1442.367770
DELPHINUS_CAPENSIS	LACM_84233	223.5	M	p	l	963.609989
DELPHINUS_CAPENSIS	LACM_84233	223.5	M	p	r	943.697439
DELPHINUS_CAPENSIS	LACM_84233	223.5	M	r	l	1280.394064
DELPHINUS_CAPENSIS	LACM_84233	223.5	M	r	r	1302.558771
DELPHINUS_CAPENSIS	LACM_84236	208.0	F	p	l	677.071125
DELPHINUS_CAPENSIS	LACM_84236	208.0	F	p	r	695.399895
DELPHINUS_CAPENSIS	LACM_84236	208.0	F	r	l	1210.274926
DELPHINUS_CAPENSIS	LACM_84236	208.0	F	r	r	1227.146412
DELPHINUS_CAPENSIS	LACM_84239	208.5	M	p	l	670.461314
DELPHINUS_CAPENSIS	LACM_84239	208.5	M	p	r	657.640989
DELPHINUS_CAPENSIS	LACM_84239	208.5	M	r	l	1356.737054
DELPHINUS_CAPENSIS	LACM_84239	208.5	M	r	r	1357.912578
DELPHINUS_CAPENSIS	LACM_84240	235.0	M	p	l	884.631516
DELPHINUS_CAPENSIS	LACM_84240	235.0	M	p	r	868.914264
DELPHINUS_CAPENSIS	LACM_84240	235.0	M	r	l	1420.842915
DELPHINUS_CAPENSIS	LACM_84240	235.0	M	r	r	1429.142589
DELPHINUS_CAPENSIS	LACM_84241	232.9	M	p	l	892.359520
DELPHINUS_CAPENSIS	LACM_84241	232.9	M	p	r	937.795885
DELPHINUS_CAPENSIS	LACM_84241	232.9	M	r	l	NA
DELPHINUS_CAPENSIS	LACM_84241	232.9	M	r	r	NA
PHOCOENOIDES_DALLI	LACM_84251	225.0	M	p	l	686.945127
PHOCOENOIDES_DALLI	LACM_84251	225.0	M	p	r	733.840674
PHOCOENOIDES_DALLI	LACM_84251	225.0	M	r	l	1749.313285
PHOCOENOIDES_DALLI	LACM_84251	225.0	M	r	r	1753.172849
FERESA_ATTENUATA	LACM_84252	214.0	M	p	l	1082.937764
FERESA_ATTENUATA	LACM_84252	214.0	M	p	r	1090.292866
FERESA_ATTENUATA	LACM_84252	214.0	M	r	l	1334.585862
FERESA_ATTENUATA	LACM_84252	214.0	M	r	r	1345.267258
DELPHINUS_DELPHIS	LACM_84254	229.0	M	p	l	938.240837
DELPHINUS_DELPHIS	LACM_84254	229.0	M	p	r	915.446442
DELPHINUS_DELPHIS	LACM_84254	229.0	M	r	l	1395.512344
DELPHINUS_DELPHIS	LACM_84254	229.0	M	r	r	1391.679732
TURSIOPS_TRUNCATUS	LACM_84267	305.0	M	p	l	865.620218
TURSIOPS_TRUNCATUS	LACM_84267	305.0	M	p	r	868.112486
TURSIOPS_TRUNCATUS	LACM_84267	305.0	M	r	l	1941.638419
TURSIOPS_TRUNCATUS	LACM_84267	305.0	M	r	r	1838.321670
TURSIOPS_TRUNCATUS	LACM_84271	285.0	F	p	l	663.074469
TURSIOPS_TRUNCATUS	LACM_84271	285.0	F	p	r	616.917774
TURSIOPS_TRUNCATUS	LACM_84271	285.0	F	r	l	1720.539349
TURSIOPS_TRUNCATUS	LACM_84271	285.0	F	r	r	1704.143510
LAGENORHYNCHUS_OBLIQUIDENS	LACM_84284	220.0	M	p	l	902.274571
LAGENORHYNCHUS_OBLIQUIDENS	LACM_84284	220.0	M	p	r	967.940647
LAGENORHYNCHUS_OBLIQUIDENS	LACM_84284	220.0	M	r	l	1572.010697
LAGENORHYNCHUS_OBLIQUIDENS	LACM_84284	220.0	M	r	r	1517.075716
DELPHINUS_CAPENSIS	LACM_85995	210.0	M	p	l	896.843329
DELPHINUS_CAPENSIS	LACM_85995	210.0	M	p	r	894.205905
DELPHINUS_CAPENSIS	LACM_85995	210.0	M	r	l	1463.773745
DELPHINUS_CAPENSIS	LACM_85995	210.0	M	r	r	1428.994392
DELPHINUS_CAPENSIS	LACM_86004	233.0	M	p	l	853.372409
DELPHINUS_CAPENSIS	LACM_86004	233.0	M	p	r	892.728177
DELPHINUS_CAPENSIS	LACM_86004	233.0	M	r	l	1454.576004
DELPHINUS_CAPENSIS	LACM_86004	233.0	M	r	r	1450.503369
LAGENORHYNCHUS_OBLIQUIDENS	LACM_88951	192.0	M	p	l	885.513056
LAGENORHYNCHUS_OBLIQUIDENS	LACM_88951	192.0	M	p	r	856.224171
LAGENORHYNCHUS_OBLIQUIDENS	LACM_88951	192.0	M	r	l	1528.549311
LAGENORHYNCHUS_OBLIQUIDENS	LACM_88951	192.0	M	r	r	1465.366378
DELPHINUS_CAPENSIS	LACM_88979	211.5	M	p	l	902.558240
DELPHINUS_CAPENSIS	LACM_88979	211.5	M	p	r	903.265484
DELPHINUS_CAPENSIS	LACM_88979	211.5	M	r	l	1293.949170
DELPHINUS_CAPENSIS	LACM_88979	211.5	M	r	r	1297.774684
LAGENORHYNCHUS_OBLIQUIDENS	LACM_88987	207.0	M	p	l	771.831762
LAGENORHYNCHUS_OBLIQUIDENS	LACM_88987	207.0	M	p	r	778.021188
LAGENORHYNCHUS_OBLIQUIDENS	LACM_88987	207.0	M	r	l	1475.729696
LAGENORHYNCHUS_OBLIQUIDENS	LACM_88987	207.0	M	r	r	1453.959513
DELPHINUS_CAPENSIS	LACM_88999	214.0	M	p	l	730.340160
DELPHINUS_CAPENSIS	LACM_88999	214.0	M	p	r	735.053157
DELPHINUS_CAPENSIS	LACM_88999	214.0	M	r	l	NA
DELPHINUS_CAPENSIS	LACM_88999	214.0	M	r	r	NA
DELPHINUS_CAPENSIS	LACM_91307	207.0	F	p	l	915.705610
DELPHINUS_CAPENSIS	LACM_91307	207.0	F	p	r	906.665072
DELPHINUS_CAPENSIS	LACM_91307	207.0	F	r	l	1269.955369
DELPHINUS_CAPENSIS	LACM_91307	207.0	F	r	r	1271.389274
DELPHINUS_CAPENSIS	LACM_91779	234.0	M	p	l	854.542815
DELPHINUS_CAPENSIS	LACM_91779	234.0	M	p	r	860.324423
DELPHINUS_CAPENSIS	LACM_91779	234.0	M	r	l	1306.278918
DELPHINUS_CAPENSIS	LACM_91779	234.0	M	r	r	1289.687403
DELPHINUS_CAPENSIS	LACM_91915	222.0	M	p	l	895.794080
DELPHINUS_CAPENSIS	LACM_91915	222.0	M	p	r	928.246447
DELPHINUS_CAPENSIS	LACM_91915	222.0	M	r	l	1345.553807
DELPHINUS_CAPENSIS	LACM_91915	222.0	M	r	r	1360.397855
LAGENORHYNCHUS_OBLIQUIDENS	LACM_92062	194.0	M	p	l	733.244817
LAGENORHYNCHUS_OBLIQUIDENS	LACM_92062	194.0	M	p	r	757.209453
LAGENORHYNCHUS_OBLIQUIDENS	LACM_92062	194.0	M	r	l	1386.825289
LAGENORHYNCHUS_OBLIQUIDENS	LACM_92062	194.0	M	r	r	1417.368689
DELPHINUS_CAPENSIS	LACM_92071	227.0	M	p	l	939.269856
DELPHINUS_CAPENSIS	LACM_92071	227.0	M	p	r	947.363280
DELPHINUS_CAPENSIS	LACM_92071	227.0	M	r	l	1454.004559
DELPHINUS_CAPENSIS	LACM_92071	227.0	M	r	r	1518.511442
TURSIOPS_TRUNCATUS	LACM_92072	288.0	M	p	l	746.291355
TURSIOPS_TRUNCATUS	LACM_92072	288.0	M	p	r	717.531968
TURSIOPS_TRUNCATUS	LACM_92072	288.0	M	r	l	1768.050139
TURSIOPS_TRUNCATUS	LACM_92072	288.0	M	r	r	1785.180708
DELPHINUS_CAPENSIS	LACM_92077	222.5	M	p	l	987.186902
DELPHINUS_CAPENSIS	LACM_92077	222.5	M	p	r	1021.367212
DELPHINUS_CAPENSIS	LACM_92077	222.5	M	r	l	1342.305766
DELPHINUS_CAPENSIS	LACM_92077	222.5	M	r	r	1433.267617
STENELLA_ATTENUATA	LACM_95489	191.9	F	p	l	572.831757
STENELLA_ATTENUATA	LACM_95489	191.9	F	p	r	545.585585
STENELLA_ATTENUATA	LACM_95489	191.9	F	r	l	1157.538619
STENELLA_ATTENUATA	LACM_95489	191.9	F	r	r	1170.112635
LAGENORHYNCHUS_OBLIQUIDENS	LACM_95514	223.0	F	p	l	765.180240
LAGENORHYNCHUS_OBLIQUIDENS	LACM_95514	223.0	F	p	r	717.065685
LAGENORHYNCHUS_OBLIQUIDENS	LACM_95514	223.0	F	r	l	1588.495275
LAGENORHYNCHUS_OBLIQUIDENS	LACM_95514	223.0	F	r	r	1685.960162
DELPHINUS_CAPENSIS	LACM_95668	218.0	M	p	l	NA
DELPHINUS_CAPENSIS	LACM_95668	218.0	M	p	r	NA
DELPHINUS_CAPENSIS	LACM_95668	218.0	M	r	l	1271.357859
DELPHINUS_CAPENSIS	LACM_95668	218.0	M	r	r	1241.755176
LISSODELPHIS_BOREALIS	LACM_95689	217.8	M	p	l	974.293348
LISSODELPHIS_BOREALIS	LACM_95689	217.8	M	p	r	987.513170
LISSODELPHIS_BOREALIS	LACM_95689	217.8	M	r	l	1161.586723
LISSODELPHIS_BOREALIS	LACM_95689	217.8	M	r	r	1245.574138
TURSIOPS_TRUNCATUS	LACM_95828	293.0	M	p	l	959.041769
TURSIOPS_TRUNCATUS	LACM_95828	293.0	M	p	r	939.216865
TURSIOPS_TRUNCATUS	LACM_95828	293.0	M	r	l	NA
TURSIOPS_TRUNCATUS	LACM_95828	293.0	M	r	r	NA
DELPHINUS_CAPENSIS	LACM_96366	217.5	M	p	l	860.144783
DELPHINUS_CAPENSIS	LACM_96366	217.5	M	p	r	825.155749
DELPHINUS_CAPENSIS	LACM_96366	217.5	M	r	l	1382.079956
DELPHINUS_CAPENSIS	LACM_96366	217.5	M	r	r	1351.766961
PHOCOENOIDES_DALLI	LACM_96383	213.5	M	p	l	770.058892
PHOCOENOIDES_DALLI	LACM_96383	213.5	M	p	r	777.175548
PHOCOENOIDES_DALLI	LACM_96383	213.5	M	r	l	1556.035178
PHOCOENOIDES_DALLI	LACM_96383	213.5	M	r	r	1514.162745
PHOCOENOIDES_DALLI	LACM_96487	210.0	M	p	l	557.862414
PHOCOENOIDES_DALLI	LACM_96487	210.0	M	p	r	NA
PHOCOENOIDES_DALLI	LACM_96487	210.0	M	r	l	NA
PHOCOENOIDES_DALLI	LACM_96487	210.0	M	r	r	NA
DELPHINUS_CAPENSIS	LACM_97203	219.0	M	p	l	NA
DELPHINUS_CAPENSIS	LACM_97203	219.0	M	p	r	653.339501
DELPHINUS_CAPENSIS	LACM_97203	219.0	M	r	l	NA
DELPHINUS_CAPENSIS	LACM_97203	219.0	M	r	r	NA
DELPHINUS_CAPENSIS	LACM_97204	224.0	M	p	l	807.200255
DELPHINUS_CAPENSIS	LACM_97204	224.0	M	p	r	838.887014
DELPHINUS_CAPENSIS	LACM_97204	224.0	M	r	l	NA
DELPHINUS_CAPENSIS	LACM_97204	224.0	M	r	r	NA
PHOCOENOIDES_DALLI	LACM_97207	210.0	M	p	l	691.495995
PHOCOENOIDES_DALLI	LACM_97207	210.0	M	p	r	677.850667
PHOCOENOIDES_DALLI	LACM_97207	210.0	M	r	l	NA
PHOCOENOIDES_DALLI	LACM_97207	210.0	M	r	r	NA
TURSIOPS_TRUNCATUS	LACM_97405	277.0	F	p	l	842.112973
TURSIOPS_TRUNCATUS	LACM_97405	277.0	F	p	r	955.075934
TURSIOPS_TRUNCATUS	LACM_97405	277.0	F	r	l	1705.387879
TURSIOPS_TRUNCATUS	LACM_97405	277.0	F	r	r	1708.971881
DELPHINUS_CAPENSIS	LACM_97429	232.0	M	p	l	987.279343
DELPHINUS_CAPENSIS	LACM_97429	232.0	M	p	r	956.312889
DELPHINUS_CAPENSIS	LACM_97429	232.0	M	r	l	1477.345968
DELPHINUS_CAPENSIS	LACM_97429	232.0	M	r	r	1506.348663
DELPHINUS_CAPENSIS	LACM_97478	212.0	M	p	l	851.758524
DELPHINUS_CAPENSIS	LACM_97478	212.0	M	p	r	855.251796
DELPHINUS_CAPENSIS	LACM_97478	212.0	M	r	l	1460.539513
DELPHINUS_CAPENSIS	LACM_97478	212.0	M	r	r	1455.662438
TURSIOPS_TRUNCATUS	LACM_97489	298.0	F	p	l	1083.780910
TURSIOPS_TRUNCATUS	LACM_97489	298.0	F	p	r	1045.824264
TURSIOPS_TRUNCATUS	LACM_97489	298.0	F	r	l	1817.705348
TURSIOPS_TRUNCATUS	LACM_97489	298.0	F	r	r	1914.457574
BALAENOPTERA_ACUTOROSTRATA	MAL_03-282	730	F	p	l	2299.763523
BALAENOPTERA_ACUTOROSTRATA	MAL_03-282	730	F	p	r	2246.095311
BALAENOPTERA_ACUTOROSTRATA	MAL_03-282	730	F	r	l	NA
BALAENOPTERA_ACUTOROSTRATA	MAL_03-282	730	F	r	r	NA
BALAENOPTERA_ACUTOROSTRATA	MH_03-621	700	M	p	l	1898.309229
BALAENOPTERA_ACUTOROSTRATA	MH_03-621	700	M	p	r	1868.040183
BALAENOPTERA_ACUTOROSTRATA	MH_03-621	700	M	r	l	NA
BALAENOPTERA_ACUTOROSTRATA	MH_03-621	700	M	r	r	NA
EUBALAENA_GLACIALIS	MJM_070110	1370	M	p	l	4305.634872
EUBALAENA_GLACIALIS	MJM_070110	1370	M	p	r	4471.786344
EUBALAENA_GLACIALIS	MJM_070110	1370	M	r	l	NA
EUBALAENA_GLACIALIS	MJM_070110	1370	M	r	r	NA
BALAENOPTERA_PHYSALUS	UMA_4820	2075	F	p	l	2376.695167
BALAENOPTERA_PHYSALUS	UMA_4820	2075	F	p	r	2405.170376
BALAENOPTERA_PHYSALUS	UMA_4820	2075	F	r	l	NA
BALAENOPTERA_PHYSALUS	UMA_4820	2075	F	r	r	NA
EUBALAENA_GLACIALIS	UMA_4920	1370	F	p	l	3432.684332
EUBALAENA_GLACIALIS	UMA_4920	1370	F	p	r	3395.884065
EUBALAENA_GLACIALIS	UMA_4920	1370	F	r	l	NA
EUBALAENA_GLACIALIS	UMA_4920	1370	F	r	r	NA
TURSIOPS_ADUNCUS	USNM_258642	287	M	p	l	905.237922
TURSIOPS_ADUNCUS	USNM_258642	287	M	p	r	914.688606
TURSIOPS_ADUNCUS	USNM_258642	287	M	r	l	1900.446253
TURSIOPS_ADUNCUS	USNM_258642	287	M	r	r	1927.836033
STENELLA_ATTENUATA	USNM_395277	175	F	p	l	646.134150
STENELLA_ATTENUATA	USNM_395277	175	F	p	r	643.176688
STENELLA_ATTENUATA	USNM_395277	175	F	r	l	NA
STENELLA_ATTENUATA	USNM_395277	175	F	r	r	NA
STENELLA_ATTENUATA	USNM_395390	218	M	p	l	722.078579
STENELLA_ATTENUATA	USNM_395390	218	M	p	r	707.258193
STENELLA_ATTENUATA	USNM_395390	218	M	r	l	1112.301475
STENELLA_ATTENUATA	USNM_395390	218	M	r	r	1128.151442
STENELLA_ATTENUATA	USNM_395465	200	M	p	l	759.002704
STENELLA_ATTENUATA	USNM_395465	200	M	p	r	712.426052
STENELLA_ATTENUATA	USNM_395465	200	M	r	l	1116.311568
STENELLA_ATTENUATA	USNM_395465	200	M	r	r	NA
STENELLA_LONGIROSTRIS	USNM_395599	173	M	p	l	692.409544
STENELLA_LONGIROSTRIS	USNM_395599	173	M	p	r	702.713310
STENELLA_LONGIROSTRIS	USNM_395599	173	M	r	l	1161.848981
STENELLA_LONGIROSTRIS	USNM_395599	173	M	r	r	1157.853571
TURSIOPS_TRUNCATUS	USNM_396165	303	M	p	l	796.724733
TURSIOPS_TRUNCATUS	USNM_396165	303	M	p	r	876.023480
TURSIOPS_TRUNCATUS	USNM_396165	303	M	r	l	1911.489468
TURSIOPS_TRUNCATUS	USNM_396165	303	M	r	r	NA
PHOCOENOIDES_DALLI	USNM_396304	202	M	p	l	795.344992
PHOCOENOIDES_DALLI	USNM_396304	202	M	p	r	794.926349
PHOCOENOIDES_DALLI	USNM_396304	202	M	r	l	1567.308165
PHOCOENOIDES_DALLI	USNM_396304	202	M	r	r	1566.437594
LISSODELPHIS_BOREALIS	USNM_484929	265.3	M	p	l	1128.509288
LISSODELPHIS_BOREALIS	USNM_484929	265.3	M	p	r	1139.579787
LISSODELPHIS_BOREALIS	USNM_484929	265.3	M	r	l	1489.910832
LISSODELPHIS_BOREALIS	USNM_484929	265.3	M	r	r	1536.663969
PONTOPORIA_BLAINVILLEI	USNM_501157	136	F	p	l	343.499593
PONTOPORIA_BLAINVILLEI	USNM_501157	136	F	p	r	325.323100
PONTOPORIA_BLAINVILLEI	USNM_501157	136	F	r	l	833.176131
PONTOPORIA_BLAINVILLEI	USNM_501157	136	F	r	r	842.341187
PONTOPORIA_BLAINVILLEI	USNM_501172	137	M	p	l	NA
PONTOPORIA_BLAINVILLEI	USNM_501172	137	M	p	r	NA
PONTOPORIA_BLAINVILLEI	USNM_501172	137	M	r	l	720.077614
PONTOPORIA_BLAINVILLEI	USNM_501172	137	M	r	r	764.598071
PONTOPORIA_BLAINVILLEI	USNM_501176	142	F	p	l	340.041820
PONTOPORIA_BLAINVILLEI	USNM_501176	142	F	p	r	343.224293
PONTOPORIA_BLAINVILLEI	USNM_501176	142	F	r	l	798.796617
PONTOPORIA_BLAINVILLEI	USNM_501176	142	F	r	r	846.634536
PONTOPORIA_BLAINVILLEI	USNM_501179	142	M	p	l	407.159284
PONTOPORIA_BLAINVILLEI	USNM_501179	142	M	p	r	428.388967
PONTOPORIA_BLAINVILLEI	USNM_501179	142	M	r	l	797.481464
PONTOPORIA_BLAINVILLEI	USNM_501179	142	M	r	r	834.879340
PONTOPORIA_BLAINVILLEI	USNM_501183	145	F	p	l	285.249840
PONTOPORIA_BLAINVILLEI	USNM_501183	145	F	p	r	295.773846
PONTOPORIA_BLAINVILLEI	USNM_501183	145	F	r	l	828.428958
PONTOPORIA_BLAINVILLEI	USNM_501183	145	F	r	r	882.988011
PONTOPORIA_BLAINVILLEI	USNM_501186	143	F	p	l	355.882986
PONTOPORIA_BLAINVILLEI	USNM_501186	143	F	p	r	288.316762
PONTOPORIA_BLAINVILLEI	USNM_501186	143	F	r	l	793.340337
PONTOPORIA_BLAINVILLEI	USNM_501186	143	F	r	r	794.044298
DELPHINUS_DELPHIS	USNM_504107	209	M	p	l	989.318549
DELPHINUS_DELPHIS	USNM_504107	209	M	p	r	996.221004
DELPHINUS_DELPHIS	USNM_504107	209	M	r	l	1379.440606
DELPHINUS_DELPHIS	USNM_504107	209	M	r	r	706.162654
GRAMPUS_GRISEUS	USNM_504126	298	M	p	l	1125.178967
GRAMPUS_GRISEUS	USNM_504126	298	M	p	r	1107.467747
GRAMPUS_GRISEUS	USNM_504126	298	M	r	l	1976.172967
GRAMPUS_GRISEUS	USNM_504126	298	M	r	r	2007.224693
MESOPLODON_CARLHUBBSI	USNM_504128	532	F	p	l	1007.050509
MESOPLODON_CARLHUBBSI	USNM_504128	532	F	p	r	1043.291484
MESOPLODON_CARLHUBBSI	USNM_504128	532	F	r	l	3119.371943
MESOPLODON_CARLHUBBSI	USNM_504128	532	F	r	r	3124.069436
LAGENORHYNCHUS_ACUTUS	USNM_504154	234.5	F	p	l	860.006324
LAGENORHYNCHUS_ACUTUS	USNM_504154	234.5	F	p	r	853.878272
LAGENORHYNCHUS_ACUTUS	USNM_504154	234.5	F	r	l	1580.803276
LAGENORHYNCHUS_ACUTUS	USNM_504154	234.5	F	r	r	1562.228541
PHOCOENA_PHOCOENA	USNM_504302	165	F	p	l	834.410194
PHOCOENA_PHOCOENA	USNM_504302	165	F	p	r	917.432243
PHOCOENA_PHOCOENA	USNM_504302	165	F	r	l	1275.896068
PHOCOENA_PHOCOENA	USNM_504302	165	F	r	r	1279.050899
STENELLA_COERULEOALBA	USNM_504350	231	M	p	l	737.423238
STENELLA_COERULEOALBA	USNM_504350	231	M	p	r	740.637975
STENELLA_COERULEOALBA	USNM_504350	231	M	r	l	1473.129508
STENELLA_COERULEOALBA	USNM_504350	231	M	r	r	1459.384856
STENO_BREDANENSIS	USNM_504467	235	M	p	l	737.004342
STENO_BREDANENSIS	USNM_504467	235	M	p	r	761.003589
STENO_BREDANENSIS	USNM_504467	235	M	r	l	NA
STENO_BREDANENSIS	USNM_504467	235	M	r	r	1672.700921
STENO_BREDANENSIS	USNM_504468	227	M	p	l	745.791373
STENO_BREDANENSIS	USNM_504468	227	M	p	r	741.614492
STENO_BREDANENSIS	USNM_504468	227	M	r	l	NA
STENO_BREDANENSIS	USNM_504468	227	M	r	r	1628.711321
STENO_BREDANENSIS	USNM_504494	233	M	p	l	748.551248
STENO_BREDANENSIS	USNM_504494	233	M	p	r	818.338488
STENO_BREDANENSIS	USNM_504494	233	M	r	l	NA
STENO_BREDANENSIS	USNM_504494	233	M	r	r	1393.497287
TURSIOPS_TRUNCATUS	USNM_504726	298	M	p	l	1068.142459
TURSIOPS_TRUNCATUS	USNM_504726	298	M	p	r	1094.036786
TURSIOPS_TRUNCATUS	USNM_504726	298	M	r	l	2014.305066
TURSIOPS_TRUNCATUS	USNM_504726	298	M	r	r	1940.883947
STENELLA_FRONTALIS	USNM_504758	201	M	p	l	742.537900
STENELLA_FRONTALIS	USNM_504758	201	M	p	r	736.409274
STENELLA_FRONTALIS	USNM_504758	201	M	r	l	1434.595940
STENELLA_FRONTALIS	USNM_504758	201	M	r	r	1462.391322
STENELLA_COERULEOALBA	USNM_504773	221.7	M	p	l	669.897051
STENELLA_COERULEOALBA	USNM_504773	221.7	M	p	r	662.826988
STENELLA_COERULEOALBA	USNM_504773	221.7	M	r	l	1564.563519
STENELLA_COERULEOALBA	USNM_504773	221.7	M	r	r	1532.230749
TURSIOPS_TRUNCATUS	USNM_504879	284	M	p	l	1000.541940
TURSIOPS_TRUNCATUS	USNM_504879	284	M	p	r	1000.544723
TURSIOPS_TRUNCATUS	USNM_504879	284	M	r	l	NA
TURSIOPS_TRUNCATUS	USNM_504879	284	M	r	r	1874.631221
PONTOPORIA_BLAINVILLEI	USNM_504920	155	F	p	l	490.425478
PONTOPORIA_BLAINVILLEI	USNM_504920	155	F	p	r	443.376919
PONTOPORIA_BLAINVILLEI	USNM_504920	155	F	r	l	880.848491
PONTOPORIA_BLAINVILLEI	USNM_504920	155	F	r	r	911.024091
PHOCOENA_PHOCOENA	USNM_550042	149	U	p	l	1161.818256
PHOCOENA_PHOCOENA	USNM_550042	149	U	p	r	NA
PHOCOENA_PHOCOENA	USNM_550042	149	U	r	l	1335.659122
PHOCOENA_PHOCOENA	USNM_550042	149	U	r	r	1316.891423
PHOCOENA_PHOCOENA	USNM_550312	158	F	p	l	897.438460
PHOCOENA_PHOCOENA	USNM_550312	158	F	p	r	879.919757
PHOCOENA_PHOCOENA	USNM_550312	158	F	r	l	1334.410285
PHOCOENA_PHOCOENA	USNM_550312	158	F	r	r	1362.577024
FERESA_ATTENUATA	USNM_550389	212	M	p	l	1049.214857
FERESA_ATTENUATA	USNM_550389	212	M	p	r	1049.813571
FERESA_ATTENUATA	USNM_550389	212	M	r	l	NA
FERESA_ATTENUATA	USNM_550389	212	M	r	r	1351.860431
GRAMPUS_GRISEUS	USNM_550391	286	M	p	l	988.501301
GRAMPUS_GRISEUS	USNM_550391	286	M	p	r	1020.234021
GRAMPUS_GRISEUS	USNM_550391	286	M	r	l	1926.127529
GRAMPUS_GRISEUS	USNM_550391	286	M	r	r	1922.722731
TURSIOPS_TRUNCATUS	USNM_550401	267.5	M	p	l	1073.677409
TURSIOPS_TRUNCATUS	USNM_550401	267.5	M	p	r	1046.925763
TURSIOPS_TRUNCATUS	USNM_550401	267.5	M	r	l	1701.153301
TURSIOPS_TRUNCATUS	USNM_550401	267.5	M	r	r	1697.483560
TURSIOPS_TRUNCATUS	USNM_550422	279	M	p	l	1155.224049
TURSIOPS_TRUNCATUS	USNM_550422	279	M	p	r	1150.808816
TURSIOPS_TRUNCATUS	USNM_550422	279	M	r	l	1812.228552
TURSIOPS_TRUNCATUS	USNM_550422	279	M	r	r	1782.651549
STENO_BREDANENSIS	USNM_550837	228.1	M	p	l	787.376242
STENO_BREDANENSIS	USNM_550837	228.1	M	p	r	780.224496
STENO_BREDANENSIS	USNM_550837	228.1	M	r	l	1538.614880
STENO_BREDANENSIS	USNM_550837	228.1	M	r	r	1488.673029
TURSIOPS_TRUNCATUS	USNM_550919	283	F	p	l	953.642220
TURSIOPS_TRUNCATUS	USNM_550919	283	F	p	r	966.216645
TURSIOPS_TRUNCATUS	USNM_550919	283	F	r	l	1833.046283
TURSIOPS_TRUNCATUS	USNM_550919	283	F	r	r	1810.813539
LAGENORHYNCHUS_ACUTUS	USNM_550995	253	M	p	l	959.095099
LAGENORHYNCHUS_ACUTUS	USNM_550995	253	M	p	r	995.135620
LAGENORHYNCHUS_ACUTUS	USNM_550995	253	M	r	l	1618.685740
LAGENORHYNCHUS_ACUTUS	USNM_550995	253	M	r	r	1610.333584
TURSIOPS_TRUNCATUS	USNM_571051	277	M	p	l	999.027054
TURSIOPS_TRUNCATUS	USNM_571051	277	M	p	r	1024.681811
TURSIOPS_TRUNCATUS	USNM_571051	277	M	r	l	1766.027163
TURSIOPS_TRUNCATUS	USNM_571051	277	M	r	r	1763.078020
TURSIOPS_TRUNCATUS	USNM_571086	273	M	p	l	1078.912100
TURSIOPS_TRUNCATUS	USNM_571086	273	M	p	r	1030.919368
TURSIOPS_TRUNCATUS	USNM_571086	273	M	r	l	1644.872264
TURSIOPS_TRUNCATUS	USNM_571086	273	M	r	r	1723.944000
FERESA_ATTENUATA	USNM_571268	230	M	p	l	993.583993
FERESA_ATTENUATA	USNM_571268	230	M	p	r	1001.544071
FERESA_ATTENUATA	USNM_571268	230	M	r	l	1517.169086
FERESA_ATTENUATA	USNM_571268	230	M	r	r	1522.418060
LAGENORHYNCHUS_ACUTUS	USNM_571327	253	M	p	l	843.253063
LAGENORHYNCHUS_ACUTUS	USNM_571327	253	M	p	r	907.892256
LAGENORHYNCHUS_ACUTUS	USNM_571327	253	M	r	l	1578.436566
LAGENORHYNCHUS_ACUTUS	USNM_571327	253	M	r	r	1588.275772
TURSIOPS_TRUNCATUS	USNM_571388	285	F	p	l	790.636777
TURSIOPS_TRUNCATUS	USNM_571388	285	F	p	r	830.528037
TURSIOPS_TRUNCATUS	USNM_571388	285	F	r	l	1491.572528
TURSIOPS_TRUNCATUS	USNM_571388	285	F	r	r	1509.524878
LAGENORHYNCHUS_ACUTUS	USNM_571390	242	M	p	l	967.953104
LAGENORHYNCHUS_ACUTUS	USNM_571390	242	M	p	r	978.334100
LAGENORHYNCHUS_ACUTUS	USNM_571390	242	M	r	l	1550.497265
LAGENORHYNCHUS_ACUTUS	USNM_571390	242	M	r	r	1566.844710
TURSIOPS_TRUNCATUS	USNM_571521	271	M	p	l	659.521423
TURSIOPS_TRUNCATUS	USNM_571521	271	M	p	r	669.748537
TURSIOPS_TRUNCATUS	USNM_571521	271	M	r	l	1399.010488
TURSIOPS_TRUNCATUS	USNM_571521	271	M	r	r	1396.453146
PHOCOENA_PHOCOENA	USNM_571709	160.2	M	p	l	1155.718814
PHOCOENA_PHOCOENA	USNM_571709	160.2	M	p	r	1159.679940
PHOCOENA_PHOCOENA	USNM_571709	160.2	M	r	l	1409.389062
PHOCOENA_PHOCOENA	USNM_571709	160.2	M	r	r	1352.579958
PHOCOENA_PHOCOENA	USNM_571723	146.1	M	p	l	1094.437985
PHOCOENA_PHOCOENA	USNM_571723	146.1	M	p	r	1086.858594
PHOCOENA_PHOCOENA	USNM_571723	146.1	M	r	l	1125.772582
PHOCOENA_PHOCOENA	USNM_571723	146.1	M	r	r	1152.363494
PHOCOENA_PHOCOENA	USNM_572629	163	F	p	l	718.329283
PHOCOENA_PHOCOENA	USNM_572629	163	F	p	r	775.879018
PHOCOENA_PHOCOENA	USNM_572629	163	F	r	l	1361.685054
PHOCOENA_PHOCOENA	USNM_572629	163	F	r	r	1374.825528
DELPHINUS_DELPHIS	USNM_572632	223	M	p	l	870.259682
DELPHINUS_DELPHIS	USNM_572632	223	M	p	r	852.720433
DELPHINUS_DELPHIS	USNM_572632	223	M	r	l	NA
DELPHINUS_DELPHIS	USNM_572632	223	M	r	r	1357.091615
DELPHINUS_DELPHIS	USNM_572775	203	M	p	l	1097.246099
DELPHINUS_DELPHIS	USNM_572775	203	M	p	r	1097.594735
DELPHINUS_DELPHIS	USNM_572775	203	M	r	l	1361.293107
DELPHINUS_DELPHIS	USNM_572775	203	M	r	r	1434.785803
DELPHINUS_DELPHIS	USNM_572776	228	M	p	l	983.187855
DELPHINUS_DELPHIS	USNM_572776	228	M	p	r	991.227299
DELPHINUS_DELPHIS	USNM_572776	228	M	r	l	1388.673179
DELPHINUS_DELPHIS	USNM_572776	228	M	r	r	1388.425992
DELPHINUS_DELPHIS	USNM_572777	216	M	p	l	922.362651
DELPHINUS_DELPHIS	USNM_572777	216	M	p	r	924.269387
DELPHINUS_DELPHIS	USNM_572777	216	M	r	l	1305.421248
DELPHINUS_DELPHIS	USNM_572777	216	M	r	r	1426.189176
PHOCOENA_PHOCOENA	USNM_572785	151.5	M	p	l	1108.134712
PHOCOENA_PHOCOENA	USNM_572785	151.5	M	p	r	1110.926227
PHOCOENA_PHOCOENA	USNM_572785	151.5	M	r	l	1299.116120
PHOCOENA_PHOCOENA	USNM_572785	151.5	M	r	r	1328.934663
DELPHINUS_DELPHIS	USNM_572859	207	F	p	l	820.752603
DELPHINUS_DELPHIS	USNM_572859	207	F	p	r	839.327053
DELPHINUS_DELPHIS	USNM_572859	207	F	r	l	1357.610211
DELPHINUS_DELPHIS	USNM_572859	207	F	r	r	1346.967323
DELPHINUS_DELPHIS	USNM_572871	229	M	p	l	NA
DELPHINUS_DELPHIS	USNM_572871	229	M	p	r	1051.019421
DELPHINUS_DELPHIS	USNM_572871	229	M	r	l	1311.271224
DELPHINUS_DELPHIS	USNM_572871	229	M	r	r	1283.720078
TURSIOPS_TRUNCATUS	USNM_572949	265	M	p	l	1166.049909
TURSIOPS_TRUNCATUS	USNM_572949	265	M	p	r	1105.380284
TURSIOPS_TRUNCATUS	USNM_572949	265	M	r	l	1697.107448
TURSIOPS_TRUNCATUS	USNM_572949	265	M	r	r	1644.693058
DELPHINUS_DELPHIS	USNM_572980	225	M	p	l	1028.104231
DELPHINUS_DELPHIS	USNM_572980	225	M	p	r	1016.155864
DELPHINUS_DELPHIS	USNM_572980	225	M	r	l	1449.134626
DELPHINUS_DELPHIS	USNM_572980	225	M	r	r	1387.465984
TURSIOPS_TRUNCATUS	USNM_593406	279	M	p	l	1167.767137
TURSIOPS_TRUNCATUS	USNM_593406	279	M	p	r	1172.563740
TURSIOPS_TRUNCATUS	USNM_593406	279	M	r	l	1736.795502
TURSIOPS_TRUNCATUS	USNM_593406	279	M	r	r	1770.749131
ZIPHIUS_CAVIROSTRIS	USNM_A20971	589	F	p	l	854.007640
ZIPHIUS_CAVIROSTRIS	USNM_A20971	589	F	p	r	828.352587
ZIPHIUS_CAVIROSTRIS	USNM_A20971	589	F	r	l	3676.233769
ZIPHIUS_CAVIROSTRIS	USNM_A20971	589	F	r	r	3580.314757
ZIPHIUS_CAVIROSTRIS	USNM_A49599	564	M	p	l	978.653003
ZIPHIUS_CAVIROSTRIS	USNM_A49599	564	M	p	r	1067.275763
ZIPHIUS_CAVIROSTRIS	USNM_A49599	564	M	r	l	4095.195787
ZIPHIUS_CAVIROSTRIS	USNM_A49599	564	M	r	r	3972.687382
ESCHRICHTIUS_ROBUSTUS	UWBM_35430	1293	M	p	l	4557.030546
ESCHRICHTIUS_ROBUSTUS	UWBM_35430	1293	M	p	r	NA
ESCHRICHTIUS_ROBUSTUS	UWBM_35430	1293	M	r	l	NA
ESCHRICHTIUS_ROBUSTUS	UWBM_35430	1293	M	r	r	NA
